{"C:\\Users\\User\\Desktop\\cozyCrochet\\backend\\app.js": {"path":"C:\\Users\\User\\Desktop\\cozyCrochet\\backend\\app.js","statementMap":{"0":{"start":{"line":1,"column":16},"end":{"line":1,"column":34}},"1":{"start":{"line":2,"column":21},"end":{"line":2,"column":50}},"2":{"start":{"line":3,"column":12},"end":{"line":3,"column":21}},"3":{"start":{"line":4,"column":21},"end":{"line":4,"column":45}},"4":{"start":{"line":5,"column":19},"end":{"line":5,"column":41}},"5":{"start":{"line":6,"column":13},"end":{"line":6,"column":28}},"6":{"start":{"line":8,"column":0},"end":{"line":8,"column":24}},"7":{"start":{"line":9,"column":0},"end":{"line":9,"column":24}},"8":{"start":{"line":10,"column":0},"end":{"line":10,"column":51}},"9":{"start":{"line":11,"column":0},"end":{"line":11,"column":47}},"10":{"start":{"line":12,"column":0},"end":{"line":17,"column":2}},"11":{"start":{"line":20,"column":0},"end":{"line":23,"column":3}},"12":{"start":{"line":21,"column":2},"end":{"line":21,"column":42}},"13":{"start":{"line":22,"column":2},"end":{"line":22,"column":9}},"14":{"start":{"line":26,"column":13},"end":{"line":26,"column":41}},"15":{"start":{"line":27,"column":13},"end":{"line":27,"column":41}},"16":{"start":{"line":28,"column":16},"end":{"line":28,"column":47}},"17":{"start":{"line":29,"column":14},"end":{"line":29,"column":43}},"18":{"start":{"line":30,"column":13},"end":{"line":30,"column":41}},"19":{"start":{"line":31,"column":13},"end":{"line":31,"column":41}},"20":{"start":{"line":32,"column":17},"end":{"line":32,"column":49}},"21":{"start":{"line":33,"column":16},"end":{"line":33,"column":47}},"22":{"start":{"line":34,"column":14},"end":{"line":34,"column":43}},"23":{"start":{"line":35,"column":17},"end":{"line":35,"column":49}},"24":{"start":{"line":36,"column":16},"end":{"line":36,"column":47}},"25":{"start":{"line":37,"column":14},"end":{"line":37,"column":43}},"26":{"start":{"line":39,"column":0},"end":{"line":39,"column":30}},"27":{"start":{"line":40,"column":0},"end":{"line":40,"column":30}},"28":{"start":{"line":41,"column":0},"end":{"line":41,"column":36}},"29":{"start":{"line":42,"column":0},"end":{"line":42,"column":32}},"30":{"start":{"line":43,"column":0},"end":{"line":43,"column":30}},"31":{"start":{"line":44,"column":0},"end":{"line":44,"column":30}},"32":{"start":{"line":45,"column":0},"end":{"line":45,"column":38}},"33":{"start":{"line":46,"column":0},"end":{"line":46,"column":36}},"34":{"start":{"line":47,"column":0},"end":{"line":47,"column":32}},"35":{"start":{"line":48,"column":0},"end":{"line":48,"column":38}},"36":{"start":{"line":49,"column":0},"end":{"line":49,"column":36}},"37":{"start":{"line":50,"column":0},"end":{"line":50,"column":32}},"38":{"start":{"line":53,"column":0},"end":{"line":57,"column":1}},"39":{"start":{"line":54,"column":2},"end":{"line":56,"column":5}},"40":{"start":{"line":60,"column":0},"end":{"line":60,"column":22}},"41":{"start":{"line":63,"column":0},"end":{"line":68,"column":3}},"42":{"start":{"line":64,"column":2},"end":{"line":64,"column":72}},"43":{"start":{"line":65,"column":2},"end":{"line":65,"column":39}},"44":{"start":{"line":66,"column":2},"end":{"line":66,"column":39}},"45":{"start":{"line":67,"column":2},"end":{"line":67,"column":9}},"46":{"start":{"line":70,"column":0},"end":{"line":70,"column":21}}},"fnMap":{"0":{"name":"(anonymous_0)","decl":{"start":{"line":20,"column":8},"end":{"line":20,"column":9}},"loc":{"start":{"line":20,"column":28},"end":{"line":23,"column":1}},"line":20},"1":{"name":"(anonymous_1)","decl":{"start":{"line":63,"column":8},"end":{"line":63,"column":9}},"loc":{"start":{"line":63,"column":28},"end":{"line":68,"column":1}},"line":63}},"branchMap":{"0":{"loc":{"start":{"line":53,"column":0},"end":{"line":57,"column":1}},"type":"if","locations":[{"start":{"line":53,"column":0},"end":{"line":57,"column":1}},{"start":{},"end":{}}],"line":53}},"s":{"0":1,"1":1,"2":1,"3":1,"4":1,"5":1,"6":1,"7":1,"8":1,"9":1,"10":1,"11":1,"12":6,"13":6,"14":1,"15":1,"16":1,"17":1,"18":1,"19":1,"20":1,"21":1,"22":1,"23":1,"24":1,"25":1,"26":1,"27":1,"28":1,"29":1,"30":1,"31":1,"32":1,"33":1,"34":1,"35":1,"36":1,"37":1,"38":1,"39":1,"40":1,"41":1,"42":6,"43":6,"44":6,"45":6,"46":1},"f":{"0":6,"1":6},"b":{"0":[1,0]},"_coverageSchema":"1a1c01bbd47fc00a2c39e90264f33305004495a9","hash":"44aa9627b3739aa57b44360ec36ec02693cb97c5"}
,"C:\\Users\\User\\Desktop\\cozyCrochet\\backend\\multer.js": {"path":"C:\\Users\\User\\Desktop\\cozyCrochet\\backend\\multer.js","statementMap":{"0":{"start":{"line":1,"column":15},"end":{"line":1,"column":32}},"1":{"start":{"line":3,"column":16},"end":{"line":12,"column":2}},"2":{"start":{"line":5,"column":4},"end":{"line":5,"column":25}},"3":{"start":{"line":8,"column":25},"end":{"line":8,"column":75}},"4":{"start":{"line":9,"column":21},"end":{"line":9,"column":52}},"5":{"start":{"line":10,"column":4},"end":{"line":10,"column":53}},"6":{"start":{"line":14,"column":0},"end":{"line":14,"column":46}}},"fnMap":{"0":{"name":"(anonymous_0)","decl":{"start":{"line":4,"column":15},"end":{"line":4,"column":16}},"loc":{"start":{"line":4,"column":40},"end":{"line":6,"column":3}},"line":4},"1":{"name":"(anonymous_1)","decl":{"start":{"line":7,"column":12},"end":{"line":7,"column":13}},"loc":{"start":{"line":7,"column":37},"end":{"line":11,"column":3}},"line":7}},"branchMap":{},"s":{"0":1,"1":1,"2":0,"3":0,"4":0,"5":0,"6":1},"f":{"0":0,"1":0},"b":{},"_coverageSchema":"1a1c01bbd47fc00a2c39e90264f33305004495a9","hash":"66080a6060b5abf2eadb4e6b823d8f8edf31d595"}
,"C:\\Users\\User\\Desktop\\cozyCrochet\\backend\\server.js": {"path":"C:\\Users\\User\\Desktop\\cozyCrochet\\backend\\server.js","statementMap":{"0":{"start":{"line":1,"column":17},"end":{"line":1,"column":36}},"1":{"start":{"line":2,"column":12},"end":{"line":2,"column":28}},"2":{"start":{"line":3,"column":15},"end":{"line":3,"column":32}},"3":{"start":{"line":5,"column":0},"end":{"line":5,"column":41}},"4":{"start":{"line":7,"column":17},"end":{"line":7,"column":35}},"5":{"start":{"line":9,"column":0},"end":{"line":16,"column":5}},"6":{"start":{"line":12,"column":4},"end":{"line":12,"column":38}},"7":{"start":{"line":15,"column":4},"end":{"line":15,"column":68}},"8":{"start":{"line":18,"column":13},"end":{"line":18,"column":37}},"9":{"start":{"line":19,"column":0},"end":{"line":21,"column":3}},"10":{"start":{"line":20,"column":2},"end":{"line":20,"column":63}}},"fnMap":{"0":{"name":"(anonymous_0)","decl":{"start":{"line":11,"column":8},"end":{"line":11,"column":9}},"loc":{"start":{"line":11,"column":14},"end":{"line":13,"column":3}},"line":11},"1":{"name":"(anonymous_1)","decl":{"start":{"line":14,"column":9},"end":{"line":14,"column":10}},"loc":{"start":{"line":14,"column":20},"end":{"line":16,"column":3}},"line":14},"2":{"name":"(anonymous_2)","decl":{"start":{"line":19,"column":17},"end":{"line":19,"column":18}},"loc":{"start":{"line":19,"column":23},"end":{"line":21,"column":1}},"line":19}},"branchMap":{"0":{"loc":{"start":{"line":18,"column":13},"end":{"line":18,"column":37}},"type":"binary-expr","locations":[{"start":{"line":18,"column":13},"end":{"line":18,"column":29}},{"start":{"line":18,"column":33},"end":{"line":18,"column":37}}],"line":18}},"s":{"0":0,"1":0,"2":0,"3":0,"4":0,"5":0,"6":0,"7":0,"8":0,"9":0,"10":0},"f":{"0":0,"1":0,"2":0},"b":{"0":[0,0]}}
,"C:\\Users\\User\\Desktop\\cozyCrochet\\backend\\controller\\admin.js": {"path":"C:\\Users\\User\\Desktop\\cozyCrochet\\backend\\controller\\admin.js","statementMap":{"0":{"start":{"line":1,"column":16},"end":{"line":1,"column":34}},"1":{"start":{"line":2,"column":19},"end":{"line":2,"column":42}},"2":{"start":{"line":3,"column":20},"end":{"line":3,"column":49}},"3":{"start":{"line":4,"column":25},"end":{"line":4,"column":66}},"4":{"start":{"line":5,"column":14},"end":{"line":5,"column":39}},"5":{"start":{"line":6,"column":21},"end":{"line":6,"column":53}},"6":{"start":{"line":7,"column":11},"end":{"line":7,"column":24}},"7":{"start":{"line":8,"column":12},"end":{"line":8,"column":35}},"8":{"start":{"line":9,"column":17},"end":{"line":9,"column":44}},"9":{"start":{"line":10,"column":13},"end":{"line":10,"column":40}},"10":{"start":{"line":11,"column":13},"end":{"line":11,"column":40}},"11":{"start":{"line":12,"column":16},"end":{"line":12,"column":46}},"12":{"start":{"line":13,"column":14},"end":{"line":13,"column":42}},"13":{"start":{"line":14,"column":15},"end":{"line":14,"column":31}},"14":{"start":{"line":15,"column":23},"end":{"line":15,"column":53}},"15":{"start":{"line":18,"column":0},"end":{"line":45,"column":2}},"16":{"start":{"line":21,"column":4},"end":{"line":43,"column":5}},"17":{"start":{"line":22,"column":34},"end":{"line":22,"column":42}},"18":{"start":{"line":24,"column":6},"end":{"line":26,"column":7}},"19":{"start":{"line":25,"column":8},"end":{"line":25,"column":80}},"20":{"start":{"line":28,"column":20},"end":{"line":28,"column":70}},"21":{"start":{"line":30,"column":6},"end":{"line":32,"column":7}},"22":{"start":{"line":31,"column":8},"end":{"line":31,"column":62}},"23":{"start":{"line":34,"column":32},"end":{"line":34,"column":69}},"24":{"start":{"line":36,"column":6},"end":{"line":38,"column":7}},"25":{"start":{"line":37,"column":8},"end":{"line":37,"column":66}},"26":{"start":{"line":40,"column":6},"end":{"line":40,"column":38}},"27":{"start":{"line":42,"column":6},"end":{"line":42,"column":56}},"28":{"start":{"line":48,"column":0},"end":{"line":66,"column":2}},"29":{"start":{"line":52,"column":4},"end":{"line":64,"column":5}},"30":{"start":{"line":53,"column":6},"end":{"line":56,"column":9}},"31":{"start":{"line":58,"column":6},"end":{"line":61,"column":9}},"32":{"start":{"line":63,"column":6},"end":{"line":63,"column":56}},"33":{"start":{"line":69,"column":0},"end":{"line":91,"column":2}},"34":{"start":{"line":73,"column":4},"end":{"line":89,"column":5}},"35":{"start":{"line":74,"column":6},"end":{"line":74,"column":56}},"36":{"start":{"line":75,"column":20},"end":{"line":75,"column":54}},"37":{"start":{"line":77,"column":6},"end":{"line":80,"column":7}},"38":{"start":{"line":78,"column":8},"end":{"line":78,"column":51}},"39":{"start":{"line":79,"column":8},"end":{"line":79,"column":62}},"40":{"start":{"line":82,"column":6},"end":{"line":85,"column":9}},"41":{"start":{"line":87,"column":6},"end":{"line":87,"column":51}},"42":{"start":{"line":88,"column":6},"end":{"line":88,"column":56}},"43":{"start":{"line":94,"column":0},"end":{"line":109,"column":2}},"44":{"start":{"line":98,"column":4},"end":{"line":107,"column":5}},"45":{"start":{"line":99,"column":20},"end":{"line":99,"column":61}},"46":{"start":{"line":101,"column":6},"end":{"line":104,"column":9}},"47":{"start":{"line":106,"column":6},"end":{"line":106,"column":56}},"48":{"start":{"line":112,"column":0},"end":{"line":140,"column":2}},"49":{"start":{"line":116,"column":4},"end":{"line":138,"column":5}},"50":{"start":{"line":117,"column":19},"end":{"line":117,"column":53}},"51":{"start":{"line":119,"column":6},"end":{"line":121,"column":7}},"52":{"start":{"line":120,"column":8},"end":{"line":120,"column":61}},"53":{"start":{"line":123,"column":6},"end":{"line":128,"column":7}},"54":{"start":{"line":124,"column":25},"end":{"line":124,"column":59}},"55":{"start":{"line":125,"column":8},"end":{"line":127,"column":9}},"56":{"start":{"line":126,"column":10},"end":{"line":126,"column":34}},"57":{"start":{"line":130,"column":6},"end":{"line":130,"column":50}},"58":{"start":{"line":132,"column":6},"end":{"line":135,"column":9}},"59":{"start":{"line":137,"column":6},"end":{"line":137,"column":56}},"60":{"start":{"line":143,"column":0},"end":{"line":158,"column":2}},"61":{"start":{"line":147,"column":4},"end":{"line":156,"column":5}},"62":{"start":{"line":148,"column":20},"end":{"line":148,"column":61}},"63":{"start":{"line":150,"column":6},"end":{"line":153,"column":9}},"64":{"start":{"line":155,"column":6},"end":{"line":155,"column":56}},"65":{"start":{"line":161,"column":0},"end":{"line":191,"column":2}},"66":{"start":{"line":165,"column":4},"end":{"line":189,"column":5}},"67":{"start":{"line":166,"column":19},"end":{"line":166,"column":53}},"68":{"start":{"line":168,"column":6},"end":{"line":170,"column":7}},"69":{"start":{"line":169,"column":8},"end":{"line":169,"column":61}},"70":{"start":{"line":172,"column":6},"end":{"line":177,"column":7}},"71":{"start":{"line":173,"column":25},"end":{"line":173,"column":59}},"72":{"start":{"line":174,"column":8},"end":{"line":176,"column":9}},"73":{"start":{"line":175,"column":10},"end":{"line":175,"column":34}},"74":{"start":{"line":179,"column":6},"end":{"line":179,"column":58}},"75":{"start":{"line":181,"column":6},"end":{"line":181,"column":50}},"76":{"start":{"line":183,"column":6},"end":{"line":186,"column":9}},"77":{"start":{"line":188,"column":6},"end":{"line":188,"column":56}},"78":{"start":{"line":194,"column":0},"end":{"line":209,"column":2}},"79":{"start":{"line":198,"column":4},"end":{"line":207,"column":5}},"80":{"start":{"line":199,"column":23},"end":{"line":199,"column":67}},"81":{"start":{"line":201,"column":6},"end":{"line":204,"column":9}},"82":{"start":{"line":206,"column":6},"end":{"line":206,"column":56}},"83":{"start":{"line":212,"column":0},"end":{"line":241,"column":2}},"84":{"start":{"line":216,"column":4},"end":{"line":239,"column":5}},"85":{"start":{"line":217,"column":22},"end":{"line":217,"column":59}},"86":{"start":{"line":219,"column":6},"end":{"line":221,"column":7}},"87":{"start":{"line":220,"column":8},"end":{"line":220,"column":64}},"88":{"start":{"line":223,"column":6},"end":{"line":229,"column":7}},"89":{"start":{"line":223,"column":19},"end":{"line":223,"column":20}},"90":{"start":{"line":224,"column":25},"end":{"line":224,"column":63}},"91":{"start":{"line":225,"column":25},"end":{"line":225,"column":46}},"92":{"start":{"line":226,"column":8},"end":{"line":228,"column":9}},"93":{"start":{"line":227,"column":10},"end":{"line":227,"column":34}},"94":{"start":{"line":231,"column":6},"end":{"line":231,"column":53}},"95":{"start":{"line":233,"column":6},"end":{"line":236,"column":9}},"96":{"start":{"line":238,"column":6},"end":{"line":238,"column":56}},"97":{"start":{"line":244,"column":0},"end":{"line":259,"column":2}},"98":{"start":{"line":248,"column":4},"end":{"line":257,"column":5}},"99":{"start":{"line":249,"column":21},"end":{"line":249,"column":63}},"100":{"start":{"line":251,"column":6},"end":{"line":254,"column":9}},"101":{"start":{"line":256,"column":6},"end":{"line":256,"column":56}},"102":{"start":{"line":262,"column":0},"end":{"line":293,"column":2}},"103":{"start":{"line":266,"column":4},"end":{"line":291,"column":5}},"104":{"start":{"line":267,"column":20},"end":{"line":267,"column":55}},"105":{"start":{"line":269,"column":6},"end":{"line":271,"column":7}},"106":{"start":{"line":270,"column":8},"end":{"line":270,"column":62}},"107":{"start":{"line":273,"column":6},"end":{"line":279,"column":7}},"108":{"start":{"line":274,"column":8},"end":{"line":276,"column":9}},"109":{"start":{"line":275,"column":10},"end":{"line":275,"column":75}},"110":{"start":{"line":277,"column":8},"end":{"line":277,"column":39}},"111":{"start":{"line":278,"column":8},"end":{"line":278,"column":47}},"112":{"start":{"line":281,"column":6},"end":{"line":281,"column":37}},"113":{"start":{"line":283,"column":6},"end":{"line":283,"column":54}},"114":{"start":{"line":285,"column":6},"end":{"line":288,"column":9}},"115":{"start":{"line":290,"column":6},"end":{"line":290,"column":56}},"116":{"start":{"line":296,"column":0},"end":{"line":397,"column":2}},"117":{"start":{"line":300,"column":4},"end":{"line":395,"column":5}},"118":{"start":{"line":302,"column":24},"end":{"line":302,"column":51}},"119":{"start":{"line":303,"column":24},"end":{"line":303,"column":51}},"120":{"start":{"line":304,"column":27},"end":{"line":304,"column":57}},"121":{"start":{"line":305,"column":25},"end":{"line":305,"column":53}},"122":{"start":{"line":308,"column":24},"end":{"line":308,"column":42}},"123":{"start":{"line":309,"column":27},"end":{"line":312,"column":7}},"124":{"start":{"line":310,"column":24},"end":{"line":310,"column":53}},"125":{"start":{"line":315,"column":27},"end":{"line":318,"column":33}},"126":{"start":{"line":321,"column":20},"end":{"line":321,"column":30}},"127":{"start":{"line":322,"column":30},"end":{"line":322,"column":45}},"128":{"start":{"line":323,"column":6},"end":{"line":323,"column":54}},"129":{"start":{"line":326,"column":24},"end":{"line":326,"column":26}},"130":{"start":{"line":327,"column":6},"end":{"line":337,"column":7}},"131":{"start":{"line":327,"column":19},"end":{"line":327,"column":20}},"132":{"start":{"line":328,"column":21},"end":{"line":328,"column":36}},"133":{"start":{"line":329,"column":8},"end":{"line":329,"column":44}},"134":{"start":{"line":330,"column":8},"end":{"line":336,"column":11}},"135":{"start":{"line":340,"column":31},"end":{"line":356,"column":8}},"136":{"start":{"line":359,"column":29},"end":{"line":373,"column":18}},"137":{"start":{"line":361,"column":24},"end":{"line":364,"column":11}},"138":{"start":{"line":363,"column":14},"end":{"line":363,"column":76}},"139":{"start":{"line":365,"column":10},"end":{"line":371,"column":12}},"140":{"start":{"line":376,"column":39},"end":{"line":378,"column":19}},"141":{"start":{"line":380,"column":6},"end":{"line":392,"column":9}},"142":{"start":{"line":394,"column":6},"end":{"line":394,"column":56}},"143":{"start":{"line":434,"column":0},"end":{"line":434,"column":24}}},"fnMap":{"0":{"name":"(anonymous_0)","decl":{"start":{"line":20,"column":19},"end":{"line":20,"column":20}},"loc":{"start":{"line":20,"column":45},"end":{"line":44,"column":3}},"line":20},"1":{"name":"(anonymous_1)","decl":{"start":{"line":51,"column":19},"end":{"line":51,"column":20}},"loc":{"start":{"line":51,"column":45},"end":{"line":65,"column":3}},"line":51},"2":{"name":"(anonymous_2)","decl":{"start":{"line":72,"column":19},"end":{"line":72,"column":20}},"loc":{"start":{"line":72,"column":45},"end":{"line":90,"column":3}},"line":72},"3":{"name":"(anonymous_3)","decl":{"start":{"line":97,"column":19},"end":{"line":97,"column":20}},"loc":{"start":{"line":97,"column":45},"end":{"line":108,"column":3}},"line":97},"4":{"name":"(anonymous_4)","decl":{"start":{"line":115,"column":19},"end":{"line":115,"column":20}},"loc":{"start":{"line":115,"column":45},"end":{"line":139,"column":3}},"line":115},"5":{"name":"(anonymous_5)","decl":{"start":{"line":146,"column":19},"end":{"line":146,"column":20}},"loc":{"start":{"line":146,"column":45},"end":{"line":157,"column":3}},"line":146},"6":{"name":"(anonymous_6)","decl":{"start":{"line":164,"column":19},"end":{"line":164,"column":20}},"loc":{"start":{"line":164,"column":45},"end":{"line":190,"column":3}},"line":164},"7":{"name":"(anonymous_7)","decl":{"start":{"line":197,"column":19},"end":{"line":197,"column":20}},"loc":{"start":{"line":197,"column":45},"end":{"line":208,"column":3}},"line":197},"8":{"name":"(anonymous_8)","decl":{"start":{"line":215,"column":19},"end":{"line":215,"column":20}},"loc":{"start":{"line":215,"column":45},"end":{"line":240,"column":3}},"line":215},"9":{"name":"(anonymous_9)","decl":{"start":{"line":247,"column":19},"end":{"line":247,"column":20}},"loc":{"start":{"line":247,"column":45},"end":{"line":258,"column":3}},"line":247},"10":{"name":"(anonymous_10)","decl":{"start":{"line":265,"column":19},"end":{"line":265,"column":20}},"loc":{"start":{"line":265,"column":45},"end":{"line":292,"column":3}},"line":265},"11":{"name":"(anonymous_11)","decl":{"start":{"line":299,"column":19},"end":{"line":299,"column":20}},"loc":{"start":{"line":299,"column":45},"end":{"line":396,"column":3}},"line":299},"12":{"name":"(anonymous_12)","decl":{"start":{"line":310,"column":8},"end":{"line":310,"column":9}},"loc":{"start":{"line":310,"column":24},"end":{"line":310,"column":53}},"line":310},"13":{"name":"(anonymous_13)","decl":{"start":{"line":360,"column":13},"end":{"line":360,"column":14}},"loc":{"start":{"line":360,"column":24},"end":{"line":372,"column":9}},"line":360},"14":{"name":"(anonymous_14)","decl":{"start":{"line":362,"column":12},"end":{"line":362,"column":13}},"loc":{"start":{"line":363,"column":14},"end":{"line":363,"column":76}},"line":363}},"branchMap":{"0":{"loc":{"start":{"line":24,"column":6},"end":{"line":26,"column":7}},"type":"if","locations":[{"start":{"line":24,"column":6},"end":{"line":26,"column":7}},{"start":{},"end":{}}],"line":24},"1":{"loc":{"start":{"line":24,"column":10},"end":{"line":24,"column":29}},"type":"binary-expr","locations":[{"start":{"line":24,"column":10},"end":{"line":24,"column":16}},{"start":{"line":24,"column":20},"end":{"line":24,"column":29}}],"line":24},"2":{"loc":{"start":{"line":30,"column":6},"end":{"line":32,"column":7}},"type":"if","locations":[{"start":{"line":30,"column":6},"end":{"line":32,"column":7}},{"start":{},"end":{}}],"line":30},"3":{"loc":{"start":{"line":36,"column":6},"end":{"line":38,"column":7}},"type":"if","locations":[{"start":{"line":36,"column":6},"end":{"line":38,"column":7}},{"start":{},"end":{}}],"line":36},"4":{"loc":{"start":{"line":77,"column":6},"end":{"line":80,"column":7}},"type":"if","locations":[{"start":{"line":77,"column":6},"end":{"line":80,"column":7}},{"start":{},"end":{}}],"line":77},"5":{"loc":{"start":{"line":119,"column":6},"end":{"line":121,"column":7}},"type":"if","locations":[{"start":{"line":119,"column":6},"end":{"line":121,"column":7}},{"start":{},"end":{}}],"line":119},"6":{"loc":{"start":{"line":123,"column":6},"end":{"line":128,"column":7}},"type":"if","locations":[{"start":{"line":123,"column":6},"end":{"line":128,"column":7}},{"start":{},"end":{}}],"line":123},"7":{"loc":{"start":{"line":123,"column":10},"end":{"line":123,"column":46}},"type":"binary-expr","locations":[{"start":{"line":123,"column":10},"end":{"line":123,"column":21}},{"start":{"line":123,"column":25},"end":{"line":123,"column":46}}],"line":123},"8":{"loc":{"start":{"line":125,"column":8},"end":{"line":127,"column":9}},"type":"if","locations":[{"start":{"line":125,"column":8},"end":{"line":127,"column":9}},{"start":{},"end":{}}],"line":125},"9":{"loc":{"start":{"line":168,"column":6},"end":{"line":170,"column":7}},"type":"if","locations":[{"start":{"line":168,"column":6},"end":{"line":170,"column":7}},{"start":{},"end":{}}],"line":168},"10":{"loc":{"start":{"line":172,"column":6},"end":{"line":177,"column":7}},"type":"if","locations":[{"start":{"line":172,"column":6},"end":{"line":177,"column":7}},{"start":{},"end":{}}],"line":172},"11":{"loc":{"start":{"line":172,"column":10},"end":{"line":172,"column":46}},"type":"binary-expr","locations":[{"start":{"line":172,"column":10},"end":{"line":172,"column":21}},{"start":{"line":172,"column":25},"end":{"line":172,"column":46}}],"line":172},"12":{"loc":{"start":{"line":174,"column":8},"end":{"line":176,"column":9}},"type":"if","locations":[{"start":{"line":174,"column":8},"end":{"line":176,"column":9}},{"start":{},"end":{}}],"line":174},"13":{"loc":{"start":{"line":219,"column":6},"end":{"line":221,"column":7}},"type":"if","locations":[{"start":{"line":219,"column":6},"end":{"line":221,"column":7}},{"start":{},"end":{}}],"line":219},"14":{"loc":{"start":{"line":226,"column":8},"end":{"line":228,"column":9}},"type":"if","locations":[{"start":{"line":226,"column":8},"end":{"line":228,"column":9}},{"start":{},"end":{}}],"line":226},"15":{"loc":{"start":{"line":269,"column":6},"end":{"line":271,"column":7}},"type":"if","locations":[{"start":{"line":269,"column":6},"end":{"line":271,"column":7}},{"start":{},"end":{}}],"line":269},"16":{"loc":{"start":{"line":273,"column":6},"end":{"line":279,"column":7}},"type":"if","locations":[{"start":{"line":273,"column":6},"end":{"line":279,"column":7}},{"start":{},"end":{}}],"line":273},"17":{"loc":{"start":{"line":274,"column":8},"end":{"line":276,"column":9}},"type":"if","locations":[{"start":{"line":274,"column":8},"end":{"line":276,"column":9}},{"start":{},"end":{}}],"line":274},"18":{"loc":{"start":{"line":310,"column":31},"end":{"line":310,"column":52}},"type":"binary-expr","locations":[{"start":{"line":310,"column":31},"end":{"line":310,"column":47}},{"start":{"line":310,"column":51},"end":{"line":310,"column":52}}],"line":310},"19":{"loc":{"start":{"line":363,"column":14},"end":{"line":363,"column":76}},"type":"binary-expr","locations":[{"start":{"line":363,"column":14},"end":{"line":363,"column":44}},{"start":{"line":363,"column":48},"end":{"line":363,"column":76}}],"line":363},"20":{"loc":{"start":{"line":369,"column":19},"end":{"line":369,"column":42}},"type":"cond-expr","locations":[{"start":{"line":369,"column":27},"end":{"line":369,"column":38}},{"start":{"line":369,"column":41},"end":{"line":369,"column":42}}],"line":369},"21":{"loc":{"start":{"line":370,"column":19},"end":{"line":370,"column":42}},"type":"cond-expr","locations":[{"start":{"line":370,"column":27},"end":{"line":370,"column":38}},{"start":{"line":370,"column":41},"end":{"line":370,"column":42}}],"line":370}},"s":{"0":0,"1":0,"2":0,"3":0,"4":0,"5":0,"6":0,"7":0,"8":0,"9":0,"10":0,"11":0,"12":0,"13":0,"14":0,"15":0,"16":0,"17":0,"18":0,"19":0,"20":0,"21":0,"22":0,"23":0,"24":0,"25":0,"26":0,"27":0,"28":0,"29":0,"30":0,"31":0,"32":0,"33":0,"34":0,"35":0,"36":0,"37":0,"38":0,"39":0,"40":0,"41":0,"42":0,"43":0,"44":0,"45":0,"46":0,"47":0,"48":0,"49":0,"50":0,"51":0,"52":0,"53":0,"54":0,"55":0,"56":0,"57":0,"58":0,"59":0,"60":0,"61":0,"62":0,"63":0,"64":0,"65":0,"66":0,"67":0,"68":0,"69":0,"70":0,"71":0,"72":0,"73":0,"74":0,"75":0,"76":0,"77":0,"78":0,"79":0,"80":0,"81":0,"82":0,"83":0,"84":0,"85":0,"86":0,"87":0,"88":0,"89":0,"90":0,"91":0,"92":0,"93":0,"94":0,"95":0,"96":0,"97":0,"98":0,"99":0,"100":0,"101":0,"102":0,"103":0,"104":0,"105":0,"106":0,"107":0,"108":0,"109":0,"110":0,"111":0,"112":0,"113":0,"114":0,"115":0,"116":0,"117":0,"118":0,"119":0,"120":0,"121":0,"122":0,"123":0,"124":0,"125":0,"126":0,"127":0,"128":0,"129":0,"130":0,"131":0,"132":0,"133":0,"134":0,"135":0,"136":0,"137":0,"138":0,"139":0,"140":0,"141":0,"142":0,"143":0},"f":{"0":0,"1":0,"2":0,"3":0,"4":0,"5":0,"6":0,"7":0,"8":0,"9":0,"10":0,"11":0,"12":0,"13":0,"14":0},"b":{"0":[0,0],"1":[0,0],"2":[0,0],"3":[0,0],"4":[0,0],"5":[0,0],"6":[0,0],"7":[0,0],"8":[0,0],"9":[0,0],"10":[0,0],"11":[0,0],"12":[0,0],"13":[0,0],"14":[0,0],"15":[0,0],"16":[0,0],"17":[0,0],"18":[0,0],"19":[0,0],"20":[0,0],"21":[0,0]}}
,"C:\\Users\\User\\Desktop\\cozyCrochet\\backend\\controller\\calendar.js": {"path":"C:\\Users\\User\\Desktop\\cozyCrochet\\backend\\controller\\calendar.js","statementMap":{"0":{"start":{"line":1,"column":16},"end":{"line":1,"column":34}},"1":{"start":{"line":2,"column":15},"end":{"line":2,"column":31}},"2":{"start":{"line":3,"column":32},"end":{"line":3,"column":61}},"3":{"start":{"line":4,"column":25},"end":{"line":4,"column":66}},"4":{"start":{"line":5,"column":21},"end":{"line":5,"column":53}},"5":{"start":{"line":6,"column":22},"end":{"line":6,"column":55}},"6":{"start":{"line":7,"column":13},"end":{"line":7,"column":37}},"7":{"start":{"line":8,"column":16},"end":{"line":8,"column":43}},"8":{"start":{"line":12,"column":0},"end":{"line":44,"column":2}},"9":{"start":{"line":16,"column":4},"end":{"line":42,"column":5}},"10":{"start":{"line":17,"column":49},"end":{"line":17,"column":57}},"11":{"start":{"line":19,"column":6},"end":{"line":21,"column":7}},"12":{"start":{"line":20,"column":8},"end":{"line":20,"column":79}},"13":{"start":{"line":24,"column":20},"end":{"line":29,"column":8}},"14":{"start":{"line":32,"column":6},"end":{"line":34,"column":9}},"15":{"start":{"line":36,"column":6},"end":{"line":39,"column":9}},"16":{"start":{"line":41,"column":6},"end":{"line":41,"column":56}},"17":{"start":{"line":47,"column":0},"end":{"line":62,"column":2}},"18":{"start":{"line":51,"column":4},"end":{"line":60,"column":5}},"19":{"start":{"line":52,"column":21},"end":{"line":52,"column":70}},"20":{"start":{"line":54,"column":6},"end":{"line":57,"column":9}},"21":{"start":{"line":59,"column":6},"end":{"line":59,"column":56}},"22":{"start":{"line":65,"column":0},"end":{"line":99,"column":2}},"23":{"start":{"line":69,"column":4},"end":{"line":97,"column":5}},"24":{"start":{"line":70,"column":49},"end":{"line":70,"column":57}},"25":{"start":{"line":71,"column":22},"end":{"line":71,"column":35}},"26":{"start":{"line":73,"column":20},"end":{"line":73,"column":57}},"27":{"start":{"line":75,"column":6},"end":{"line":77,"column":7}},"28":{"start":{"line":76,"column":8},"end":{"line":76,"column":62}},"29":{"start":{"line":80,"column":6},"end":{"line":82,"column":7}},"30":{"start":{"line":81,"column":8},"end":{"line":81,"column":59}},"31":{"start":{"line":85,"column":6},"end":{"line":85,"column":49}},"32":{"start":{"line":85,"column":21},"end":{"line":85,"column":49}},"33":{"start":{"line":86,"column":6},"end":{"line":86,"column":44}},"34":{"start":{"line":86,"column":16},"end":{"line":86,"column":44}},"35":{"start":{"line":87,"column":6},"end":{"line":87,"column":75}},"36":{"start":{"line":87,"column":39},"end":{"line":87,"column":75}},"37":{"start":{"line":89,"column":6},"end":{"line":89,"column":25}},"38":{"start":{"line":91,"column":6},"end":{"line":94,"column":9}},"39":{"start":{"line":96,"column":6},"end":{"line":96,"column":56}},"40":{"start":{"line":102,"column":0},"end":{"line":135,"column":2}},"41":{"start":{"line":106,"column":4},"end":{"line":133,"column":5}},"42":{"start":{"line":107,"column":22},"end":{"line":107,"column":35}},"43":{"start":{"line":109,"column":20},"end":{"line":109,"column":57}},"44":{"start":{"line":111,"column":6},"end":{"line":113,"column":7}},"45":{"start":{"line":112,"column":8},"end":{"line":112,"column":62}},"46":{"start":{"line":115,"column":6},"end":{"line":117,"column":7}},"47":{"start":{"line":116,"column":8},"end":{"line":116,"column":59}},"48":{"start":{"line":120,"column":6},"end":{"line":122,"column":9}},"49":{"start":{"line":125,"column":6},"end":{"line":125,"column":53}},"50":{"start":{"line":127,"column":6},"end":{"line":130,"column":9}},"51":{"start":{"line":132,"column":6},"end":{"line":132,"column":56}},"52":{"start":{"line":138,"column":0},"end":{"line":179,"column":2}},"53":{"start":{"line":142,"column":4},"end":{"line":177,"column":5}},"54":{"start":{"line":144,"column":26},"end":{"line":144,"column":36}},"55":{"start":{"line":145,"column":30},"end":{"line":145,"column":40}},"56":{"start":{"line":146,"column":6},"end":{"line":146,"column":58}},"57":{"start":{"line":149,"column":29},"end":{"line":152,"column":8}},"58":{"start":{"line":154,"column":30},"end":{"line":154,"column":32}},"59":{"start":{"line":157,"column":6},"end":{"line":169,"column":7}},"60":{"start":{"line":159,"column":33},"end":{"line":161,"column":20}},"61":{"start":{"line":163,"column":8},"end":{"line":168,"column":9}},"62":{"start":{"line":164,"column":10},"end":{"line":167,"column":13}},"63":{"start":{"line":171,"column":6},"end":{"line":174,"column":9}},"64":{"start":{"line":176,"column":6},"end":{"line":176,"column":56}},"65":{"start":{"line":505,"column":0},"end":{"line":505,"column":24}}},"fnMap":{"0":{"name":"(anonymous_0)","decl":{"start":{"line":15,"column":19},"end":{"line":15,"column":20}},"loc":{"start":{"line":15,"column":45},"end":{"line":43,"column":3}},"line":15},"1":{"name":"(anonymous_1)","decl":{"start":{"line":50,"column":19},"end":{"line":50,"column":20}},"loc":{"start":{"line":50,"column":45},"end":{"line":61,"column":3}},"line":50},"2":{"name":"(anonymous_2)","decl":{"start":{"line":68,"column":19},"end":{"line":68,"column":20}},"loc":{"start":{"line":68,"column":45},"end":{"line":98,"column":3}},"line":68},"3":{"name":"(anonymous_3)","decl":{"start":{"line":105,"column":19},"end":{"line":105,"column":20}},"loc":{"start":{"line":105,"column":45},"end":{"line":134,"column":3}},"line":105},"4":{"name":"(anonymous_4)","decl":{"start":{"line":141,"column":19},"end":{"line":141,"column":20}},"loc":{"start":{"line":141,"column":45},"end":{"line":178,"column":3}},"line":141}},"branchMap":{"0":{"loc":{"start":{"line":19,"column":6},"end":{"line":21,"column":7}},"type":"if","locations":[{"start":{"line":19,"column":6},"end":{"line":21,"column":7}},{"start":{},"end":{}}],"line":19},"1":{"loc":{"start":{"line":19,"column":10},"end":{"line":19,"column":29}},"type":"binary-expr","locations":[{"start":{"line":19,"column":10},"end":{"line":19,"column":20}},{"start":{"line":19,"column":24},"end":{"line":19,"column":29}}],"line":19},"2":{"loc":{"start":{"line":28,"column":23},"end":{"line":28,"column":42}},"type":"binary-expr","locations":[{"start":{"line":28,"column":23},"end":{"line":28,"column":36}},{"start":{"line":28,"column":40},"end":{"line":28,"column":42}}],"line":28},"3":{"loc":{"start":{"line":75,"column":6},"end":{"line":77,"column":7}},"type":"if","locations":[{"start":{"line":75,"column":6},"end":{"line":77,"column":7}},{"start":{},"end":{}}],"line":75},"4":{"loc":{"start":{"line":80,"column":6},"end":{"line":82,"column":7}},"type":"if","locations":[{"start":{"line":80,"column":6},"end":{"line":82,"column":7}},{"start":{},"end":{}}],"line":80},"5":{"loc":{"start":{"line":85,"column":6},"end":{"line":85,"column":49}},"type":"if","locations":[{"start":{"line":85,"column":6},"end":{"line":85,"column":49}},{"start":{},"end":{}}],"line":85},"6":{"loc":{"start":{"line":86,"column":6},"end":{"line":86,"column":44}},"type":"if","locations":[{"start":{"line":86,"column":6},"end":{"line":86,"column":44}},{"start":{},"end":{}}],"line":86},"7":{"loc":{"start":{"line":87,"column":6},"end":{"line":87,"column":75}},"type":"if","locations":[{"start":{"line":87,"column":6},"end":{"line":87,"column":75}},{"start":{},"end":{}}],"line":87},"8":{"loc":{"start":{"line":111,"column":6},"end":{"line":113,"column":7}},"type":"if","locations":[{"start":{"line":111,"column":6},"end":{"line":113,"column":7}},{"start":{},"end":{}}],"line":111},"9":{"loc":{"start":{"line":115,"column":6},"end":{"line":117,"column":7}},"type":"if","locations":[{"start":{"line":115,"column":6},"end":{"line":117,"column":7}},{"start":{},"end":{}}],"line":115},"10":{"loc":{"start":{"line":163,"column":8},"end":{"line":168,"column":9}},"type":"if","locations":[{"start":{"line":163,"column":8},"end":{"line":168,"column":9}},{"start":{},"end":{}}],"line":163}},"s":{"0":1,"1":1,"2":1,"3":1,"4":1,"5":1,"6":1,"7":1,"8":1,"9":0,"10":0,"11":0,"12":0,"13":0,"14":0,"15":0,"16":0,"17":1,"18":0,"19":0,"20":0,"21":0,"22":1,"23":0,"24":0,"25":0,"26":0,"27":0,"28":0,"29":0,"30":0,"31":0,"32":0,"33":0,"34":0,"35":0,"36":0,"37":0,"38":0,"39":0,"40":1,"41":0,"42":0,"43":0,"44":0,"45":0,"46":0,"47":0,"48":0,"49":0,"50":0,"51":0,"52":1,"53":0,"54":0,"55":0,"56":0,"57":0,"58":0,"59":0,"60":0,"61":0,"62":0,"63":0,"64":0,"65":1},"f":{"0":0,"1":0,"2":0,"3":0,"4":0},"b":{"0":[0,0],"1":[0,0],"2":[0,0],"3":[0,0],"4":[0,0],"5":[0,0],"6":[0,0],"7":[0,0],"8":[0,0],"9":[0,0],"10":[0,0]},"_coverageSchema":"1a1c01bbd47fc00a2c39e90264f33305004495a9","hash":"93c5fb4f27dfab7c5f328a75a4e4567b2e3b3088"}
,"C:\\Users\\User\\Desktop\\cozyCrochet\\backend\\controller\\cart.js": {"path":"C:\\Users\\User\\Desktop\\cozyCrochet\\backend\\controller\\cart.js","statementMap":{"0":{"start":{"line":1,"column":16},"end":{"line":1,"column":34}},"1":{"start":{"line":2,"column":15},"end":{"line":2,"column":31}},"2":{"start":{"line":3,"column":25},"end":{"line":3,"column":66}},"3":{"start":{"line":4,"column":32},"end":{"line":4,"column":61}},"4":{"start":{"line":5,"column":21},"end":{"line":5,"column":53}},"5":{"start":{"line":6,"column":13},"end":{"line":6,"column":37}},"6":{"start":{"line":7,"column":16},"end":{"line":7,"column":43}},"7":{"start":{"line":10,"column":0},"end":{"line":39,"column":2}},"8":{"start":{"line":14,"column":4},"end":{"line":37,"column":5}},"9":{"start":{"line":15,"column":6},"end":{"line":15,"column":61}},"10":{"start":{"line":17,"column":19},"end":{"line":19,"column":32}},"11":{"start":{"line":21,"column":6},"end":{"line":21,"column":39}},"12":{"start":{"line":23,"column":6},"end":{"line":28,"column":7}},"13":{"start":{"line":24,"column":8},"end":{"line":27,"column":11}},"14":{"start":{"line":30,"column":6},"end":{"line":33,"column":9}},"15":{"start":{"line":35,"column":6},"end":{"line":35,"column":48}},"16":{"start":{"line":36,"column":6},"end":{"line":36,"column":56}},"17":{"start":{"line":42,"column":0},"end":{"line":89,"column":2}},"18":{"start":{"line":46,"column":4},"end":{"line":87,"column":5}},"19":{"start":{"line":47,"column":38},"end":{"line":47,"column":46}},"20":{"start":{"line":48,"column":21},"end":{"line":48,"column":32}},"21":{"start":{"line":50,"column":19},"end":{"line":50,"column":55}},"22":{"start":{"line":52,"column":6},"end":{"line":54,"column":7}},"23":{"start":{"line":53,"column":8},"end":{"line":53,"column":61}},"24":{"start":{"line":56,"column":22},"end":{"line":56,"column":55}},"25":{"start":{"line":57,"column":6},"end":{"line":59,"column":7}},"26":{"start":{"line":58,"column":8},"end":{"line":58,"column":64}},"27":{"start":{"line":62,"column":6},"end":{"line":64,"column":7}},"28":{"start":{"line":63,"column":8},"end":{"line":63,"column":73}},"29":{"start":{"line":66,"column":24},"end":{"line":68,"column":7}},"30":{"start":{"line":67,"column":18},"end":{"line":67,"column":55}},"31":{"start":{"line":70,"column":6},"end":{"line":75,"column":7}},"32":{"start":{"line":71,"column":8},"end":{"line":71,"column":50}},"33":{"start":{"line":72,"column":8},"end":{"line":72,"column":26}},"34":{"start":{"line":74,"column":8},"end":{"line":74,"column":63}},"35":{"start":{"line":77,"column":28},"end":{"line":79,"column":7}},"36":{"start":{"line":81,"column":6},"end":{"line":84,"column":9}},"37":{"start":{"line":86,"column":6},"end":{"line":86,"column":56}},"38":{"start":{"line":92,"column":0},"end":{"line":124,"column":2}},"39":{"start":{"line":96,"column":4},"end":{"line":122,"column":5}},"40":{"start":{"line":97,"column":24},"end":{"line":97,"column":44}},"41":{"start":{"line":98,"column":21},"end":{"line":98,"column":32}},"42":{"start":{"line":100,"column":19},"end":{"line":100,"column":55}},"43":{"start":{"line":102,"column":6},"end":{"line":104,"column":7}},"44":{"start":{"line":103,"column":8},"end":{"line":103,"column":61}},"45":{"start":{"line":106,"column":6},"end":{"line":108,"column":8}},"46":{"start":{"line":107,"column":18},"end":{"line":107,"column":55}},"47":{"start":{"line":110,"column":6},"end":{"line":110,"column":24}},"48":{"start":{"line":112,"column":28},"end":{"line":114,"column":7}},"49":{"start":{"line":116,"column":6},"end":{"line":119,"column":9}},"50":{"start":{"line":121,"column":6},"end":{"line":121,"column":56}},"51":{"start":{"line":127,"column":0},"end":{"line":185,"column":2}},"52":{"start":{"line":131,"column":4},"end":{"line":183,"column":5}},"53":{"start":{"line":132,"column":42},"end":{"line":132,"column":50}},"54":{"start":{"line":133,"column":21},"end":{"line":133,"column":32}},"55":{"start":{"line":136,"column":22},"end":{"line":136,"column":55}},"56":{"start":{"line":137,"column":6},"end":{"line":139,"column":7}},"57":{"start":{"line":138,"column":8},"end":{"line":138,"column":64}},"58":{"start":{"line":142,"column":6},"end":{"line":144,"column":7}},"59":{"start":{"line":143,"column":8},"end":{"line":143,"column":73}},"60":{"start":{"line":147,"column":17},"end":{"line":147,"column":53}},"61":{"start":{"line":149,"column":6},"end":{"line":154,"column":7}},"62":{"start":{"line":150,"column":8},"end":{"line":153,"column":11}},"63":{"start":{"line":157,"column":32},"end":{"line":159,"column":7}},"64":{"start":{"line":158,"column":18},"end":{"line":158,"column":55}},"65":{"start":{"line":161,"column":6},"end":{"line":169,"column":7}},"66":{"start":{"line":162,"column":8},"end":{"line":162,"column":59}},"67":{"start":{"line":164,"column":8},"end":{"line":168,"column":11}},"68":{"start":{"line":171,"column":6},"end":{"line":171,"column":24}},"69":{"start":{"line":173,"column":28},"end":{"line":175,"column":7}},"70":{"start":{"line":177,"column":6},"end":{"line":180,"column":9}},"71":{"start":{"line":182,"column":6},"end":{"line":182,"column":56}},"72":{"start":{"line":188,"column":0},"end":{"line":213,"column":2}},"73":{"start":{"line":192,"column":4},"end":{"line":211,"column":5}},"74":{"start":{"line":193,"column":21},"end":{"line":193,"column":32}},"75":{"start":{"line":195,"column":19},"end":{"line":195,"column":55}},"76":{"start":{"line":197,"column":6},"end":{"line":199,"column":7}},"77":{"start":{"line":198,"column":8},"end":{"line":198,"column":61}},"78":{"start":{"line":201,"column":6},"end":{"line":201,"column":22}},"79":{"start":{"line":202,"column":6},"end":{"line":202,"column":24}},"80":{"start":{"line":204,"column":6},"end":{"line":208,"column":9}},"81":{"start":{"line":210,"column":6},"end":{"line":210,"column":56}},"82":{"start":{"line":215,"column":0},"end":{"line":215,"column":24}}},"fnMap":{"0":{"name":"(anonymous_0)","decl":{"start":{"line":13,"column":19},"end":{"line":13,"column":20}},"loc":{"start":{"line":13,"column":45},"end":{"line":38,"column":3}},"line":13},"1":{"name":"(anonymous_1)","decl":{"start":{"line":45,"column":19},"end":{"line":45,"column":20}},"loc":{"start":{"line":45,"column":45},"end":{"line":88,"column":3}},"line":45},"2":{"name":"(anonymous_2)","decl":{"start":{"line":67,"column":8},"end":{"line":67,"column":9}},"loc":{"start":{"line":67,"column":18},"end":{"line":67,"column":55}},"line":67},"3":{"name":"(anonymous_3)","decl":{"start":{"line":95,"column":19},"end":{"line":95,"column":20}},"loc":{"start":{"line":95,"column":45},"end":{"line":123,"column":3}},"line":95},"4":{"name":"(anonymous_4)","decl":{"start":{"line":107,"column":8},"end":{"line":107,"column":9}},"loc":{"start":{"line":107,"column":18},"end":{"line":107,"column":55}},"line":107},"5":{"name":"(anonymous_5)","decl":{"start":{"line":130,"column":19},"end":{"line":130,"column":20}},"loc":{"start":{"line":130,"column":45},"end":{"line":184,"column":3}},"line":130},"6":{"name":"(anonymous_6)","decl":{"start":{"line":158,"column":8},"end":{"line":158,"column":9}},"loc":{"start":{"line":158,"column":18},"end":{"line":158,"column":55}},"line":158},"7":{"name":"(anonymous_7)","decl":{"start":{"line":191,"column":19},"end":{"line":191,"column":20}},"loc":{"start":{"line":191,"column":45},"end":{"line":212,"column":3}},"line":191}},"branchMap":{"0":{"loc":{"start":{"line":23,"column":6},"end":{"line":28,"column":7}},"type":"if","locations":[{"start":{"line":23,"column":6},"end":{"line":28,"column":7}},{"start":{},"end":{}}],"line":23},"1":{"loc":{"start":{"line":52,"column":6},"end":{"line":54,"column":7}},"type":"if","locations":[{"start":{"line":52,"column":6},"end":{"line":54,"column":7}},{"start":{},"end":{}}],"line":52},"2":{"loc":{"start":{"line":57,"column":6},"end":{"line":59,"column":7}},"type":"if","locations":[{"start":{"line":57,"column":6},"end":{"line":59,"column":7}},{"start":{},"end":{}}],"line":57},"3":{"loc":{"start":{"line":62,"column":6},"end":{"line":64,"column":7}},"type":"if","locations":[{"start":{"line":62,"column":6},"end":{"line":64,"column":7}},{"start":{},"end":{}}],"line":62},"4":{"loc":{"start":{"line":70,"column":6},"end":{"line":75,"column":7}},"type":"if","locations":[{"start":{"line":70,"column":6},"end":{"line":75,"column":7}},{"start":{"line":73,"column":13},"end":{"line":75,"column":7}}],"line":70},"5":{"loc":{"start":{"line":102,"column":6},"end":{"line":104,"column":7}},"type":"if","locations":[{"start":{"line":102,"column":6},"end":{"line":104,"column":7}},{"start":{},"end":{}}],"line":102},"6":{"loc":{"start":{"line":132,"column":25},"end":{"line":132,"column":37}},"type":"default-arg","locations":[{"start":{"line":132,"column":36},"end":{"line":132,"column":37}}],"line":132},"7":{"loc":{"start":{"line":137,"column":6},"end":{"line":139,"column":7}},"type":"if","locations":[{"start":{"line":137,"column":6},"end":{"line":139,"column":7}},{"start":{},"end":{}}],"line":137},"8":{"loc":{"start":{"line":142,"column":6},"end":{"line":144,"column":7}},"type":"if","locations":[{"start":{"line":142,"column":6},"end":{"line":144,"column":7}},{"start":{},"end":{}}],"line":142},"9":{"loc":{"start":{"line":149,"column":6},"end":{"line":154,"column":7}},"type":"if","locations":[{"start":{"line":149,"column":6},"end":{"line":154,"column":7}},{"start":{},"end":{}}],"line":149},"10":{"loc":{"start":{"line":161,"column":6},"end":{"line":169,"column":7}},"type":"if","locations":[{"start":{"line":161,"column":6},"end":{"line":169,"column":7}},{"start":{"line":163,"column":13},"end":{"line":169,"column":7}}],"line":161},"11":{"loc":{"start":{"line":167,"column":17},"end":{"line":167,"column":63}},"type":"binary-expr","locations":[{"start":{"line":167,"column":17},"end":{"line":167,"column":38}},{"start":{"line":167,"column":42},"end":{"line":167,"column":63}}],"line":167},"12":{"loc":{"start":{"line":197,"column":6},"end":{"line":199,"column":7}},"type":"if","locations":[{"start":{"line":197,"column":6},"end":{"line":199,"column":7}},{"start":{},"end":{}}],"line":197}},"s":{"0":0,"1":0,"2":0,"3":0,"4":0,"5":0,"6":0,"7":0,"8":0,"9":0,"10":0,"11":0,"12":0,"13":0,"14":0,"15":0,"16":0,"17":0,"18":0,"19":0,"20":0,"21":0,"22":0,"23":0,"24":0,"25":0,"26":0,"27":0,"28":0,"29":0,"30":0,"31":0,"32":0,"33":0,"34":0,"35":0,"36":0,"37":0,"38":0,"39":0,"40":0,"41":0,"42":0,"43":0,"44":0,"45":0,"46":0,"47":0,"48":0,"49":0,"50":0,"51":0,"52":0,"53":0,"54":0,"55":0,"56":0,"57":0,"58":0,"59":0,"60":0,"61":0,"62":0,"63":0,"64":0,"65":0,"66":0,"67":0,"68":0,"69":0,"70":0,"71":0,"72":0,"73":0,"74":0,"75":0,"76":0,"77":0,"78":0,"79":0,"80":0,"81":0,"82":0},"f":{"0":0,"1":0,"2":0,"3":0,"4":0,"5":0,"6":0,"7":0},"b":{"0":[0,0],"1":[0,0],"2":[0,0],"3":[0,0],"4":[0,0],"5":[0,0],"6":[0],"7":[0,0],"8":[0,0],"9":[0,0],"10":[0,0],"11":[0,0],"12":[0,0]}}
,"C:\\Users\\User\\Desktop\\cozyCrochet\\backend\\controller\\code.js": {"path":"C:\\Users\\User\\Desktop\\cozyCrochet\\backend\\controller\\code.js","statementMap":{"0":{"start":{"line":1,"column":16},"end":{"line":1,"column":34}},"1":{"start":{"line":2,"column":25},"end":{"line":2,"column":66}},"2":{"start":{"line":3,"column":13},"end":{"line":3,"column":37}},"3":{"start":{"line":4,"column":21},"end":{"line":4,"column":53}},"4":{"start":{"line":5,"column":15},"end":{"line":5,"column":31}},"5":{"start":{"line":6,"column":21},"end":{"line":6,"column":50}},"6":{"start":{"line":9,"column":0},"end":{"line":55,"column":2}},"7":{"start":{"line":13,"column":4},"end":{"line":53,"column":5}},"8":{"start":{"line":14,"column":25},"end":{"line":17,"column":8}},"9":{"start":{"line":19,"column":6},"end":{"line":21,"column":7}},"10":{"start":{"line":20,"column":8},"end":{"line":20,"column":80}},"11":{"start":{"line":23,"column":24},"end":{"line":23,"column":59}},"12":{"start":{"line":24,"column":24},"end":{"line":24,"column":59}},"13":{"start":{"line":26,"column":6},"end":{"line":28,"column":7}},"14":{"start":{"line":27,"column":8},"end":{"line":27,"column":80}},"15":{"start":{"line":30,"column":6},"end":{"line":34,"column":7}},"16":{"start":{"line":31,"column":8},"end":{"line":33,"column":10}},"17":{"start":{"line":36,"column":23},"end":{"line":43,"column":7}},"18":{"start":{"line":45,"column":19},"end":{"line":45,"column":46}},"19":{"start":{"line":47,"column":6},"end":{"line":50,"column":9}},"20":{"start":{"line":52,"column":6},"end":{"line":52,"column":56}},"21":{"start":{"line":58,"column":0},"end":{"line":74,"column":2}},"22":{"start":{"line":61,"column":4},"end":{"line":72,"column":5}},"23":{"start":{"line":62,"column":20},"end":{"line":64,"column":8}},"24":{"start":{"line":66,"column":6},"end":{"line":69,"column":9}},"25":{"start":{"line":71,"column":6},"end":{"line":71,"column":56}},"26":{"start":{"line":77,"column":0},"end":{"line":101,"column":2}},"27":{"start":{"line":81,"column":4},"end":{"line":99,"column":5}},"28":{"start":{"line":82,"column":19},"end":{"line":85,"column":8}},"29":{"start":{"line":87,"column":6},"end":{"line":89,"column":7}},"30":{"start":{"line":88,"column":8},"end":{"line":88,"column":77}},"31":{"start":{"line":91,"column":6},"end":{"line":91,"column":51}},"32":{"start":{"line":93,"column":6},"end":{"line":96,"column":9}},"33":{"start":{"line":98,"column":6},"end":{"line":98,"column":56}},"34":{"start":{"line":104,"column":0},"end":{"line":118,"column":2}},"35":{"start":{"line":107,"column":4},"end":{"line":116,"column":5}},"36":{"start":{"line":108,"column":19},"end":{"line":108,"column":64}},"37":{"start":{"line":110,"column":6},"end":{"line":113,"column":9}},"38":{"start":{"line":115,"column":6},"end":{"line":115,"column":56}},"39":{"start":{"line":119,"column":0},"end":{"line":119,"column":24}}},"fnMap":{"0":{"name":"(anonymous_0)","decl":{"start":{"line":12,"column":19},"end":{"line":12,"column":20}},"loc":{"start":{"line":12,"column":45},"end":{"line":54,"column":3}},"line":12},"1":{"name":"(anonymous_1)","decl":{"start":{"line":60,"column":19},"end":{"line":60,"column":20}},"loc":{"start":{"line":60,"column":45},"end":{"line":73,"column":3}},"line":60},"2":{"name":"(anonymous_2)","decl":{"start":{"line":80,"column":19},"end":{"line":80,"column":20}},"loc":{"start":{"line":80,"column":45},"end":{"line":100,"column":3}},"line":80},"3":{"name":"(anonymous_3)","decl":{"start":{"line":106,"column":19},"end":{"line":106,"column":20}},"loc":{"start":{"line":106,"column":45},"end":{"line":117,"column":3}},"line":106}},"branchMap":{"0":{"loc":{"start":{"line":19,"column":6},"end":{"line":21,"column":7}},"type":"if","locations":[{"start":{"line":19,"column":6},"end":{"line":21,"column":7}},{"start":{},"end":{}}],"line":19},"1":{"loc":{"start":{"line":23,"column":24},"end":{"line":23,"column":59}},"type":"binary-expr","locations":[{"start":{"line":23,"column":24},"end":{"line":23,"column":54}},{"start":{"line":23,"column":58},"end":{"line":23,"column":59}}],"line":23},"2":{"loc":{"start":{"line":24,"column":24},"end":{"line":24,"column":59}},"type":"binary-expr","locations":[{"start":{"line":24,"column":24},"end":{"line":24,"column":54}},{"start":{"line":24,"column":58},"end":{"line":24,"column":59}}],"line":24},"3":{"loc":{"start":{"line":26,"column":6},"end":{"line":28,"column":7}},"type":"if","locations":[{"start":{"line":26,"column":6},"end":{"line":28,"column":7}},{"start":{},"end":{}}],"line":26},"4":{"loc":{"start":{"line":30,"column":6},"end":{"line":34,"column":7}},"type":"if","locations":[{"start":{"line":30,"column":6},"end":{"line":34,"column":7}},{"start":{},"end":{}}],"line":30},"5":{"loc":{"start":{"line":42,"column":26},"end":{"line":42,"column":59}},"type":"binary-expr","locations":[{"start":{"line":42,"column":26},"end":{"line":42,"column":51}},{"start":{"line":42,"column":55},"end":{"line":42,"column":59}}],"line":42},"6":{"loc":{"start":{"line":87,"column":6},"end":{"line":89,"column":7}},"type":"if","locations":[{"start":{"line":87,"column":6},"end":{"line":89,"column":7}},{"start":{},"end":{}}],"line":87}},"s":{"0":0,"1":0,"2":0,"3":0,"4":0,"5":0,"6":0,"7":0,"8":0,"9":0,"10":0,"11":0,"12":0,"13":0,"14":0,"15":0,"16":0,"17":0,"18":0,"19":0,"20":0,"21":0,"22":0,"23":0,"24":0,"25":0,"26":0,"27":0,"28":0,"29":0,"30":0,"31":0,"32":0,"33":0,"34":0,"35":0,"36":0,"37":0,"38":0,"39":0},"f":{"0":0,"1":0,"2":0,"3":0},"b":{"0":[0,0],"1":[0,0],"2":[0,0],"3":[0,0],"4":[0,0],"5":[0,0],"6":[0,0]}}
,"C:\\Users\\User\\Desktop\\cozyCrochet\\backend\\controller\\contact.js": {"path":"C:\\Users\\User\\Desktop\\cozyCrochet\\backend\\controller\\contact.js","statementMap":{"0":{"start":{"line":1,"column":16},"end":{"line":1,"column":34}},"1":{"start":{"line":2,"column":15},"end":{"line":2,"column":31}},"2":{"start":{"line":3,"column":13},"end":{"line":3,"column":40}},"3":{"start":{"line":4,"column":14},"end":{"line":4,"column":42}},"4":{"start":{"line":5,"column":21},"end":{"line":5,"column":56}},"5":{"start":{"line":6,"column":25},"end":{"line":6,"column":66}},"6":{"start":{"line":7,"column":32},"end":{"line":7,"column":64}},"7":{"start":{"line":8,"column":17},"end":{"line":8,"column":44}},"8":{"start":{"line":9,"column":14},"end":{"line":9,"column":30}},"9":{"start":{"line":11,"column":22},"end":{"line":31,"column":1}},"10":{"start":{"line":12,"column":2},"end":{"line":12,"column":27}},"11":{"start":{"line":12,"column":14},"end":{"line":12,"column":27}},"12":{"start":{"line":14,"column":2},"end":{"line":30,"column":3}},"13":{"start":{"line":15,"column":22},"end":{"line":15,"column":54}},"14":{"start":{"line":16,"column":22},"end":{"line":16,"column":71}},"15":{"start":{"line":19,"column":21},"end":{"line":24,"column":6}},"16":{"start":{"line":26,"column":4},"end":{"line":26,"column":33}},"17":{"start":{"line":28,"column":4},"end":{"line":28,"column":58}},"18":{"start":{"line":29,"column":4},"end":{"line":29,"column":17}},"19":{"start":{"line":34,"column":0},"end":{"line":49,"column":2}},"20":{"start":{"line":37,"column":4},"end":{"line":47,"column":5}},"21":{"start":{"line":39,"column":20},"end":{"line":39,"column":56}},"22":{"start":{"line":41,"column":6},"end":{"line":44,"column":9}},"23":{"start":{"line":46,"column":6},"end":{"line":46,"column":56}},"24":{"start":{"line":52,"column":0},"end":{"line":131,"column":2}},"25":{"start":{"line":56,"column":4},"end":{"line":129,"column":5}},"26":{"start":{"line":57,"column":57},"end":{"line":57,"column":65}},"27":{"start":{"line":59,"column":6},"end":{"line":63,"column":7}},"28":{"start":{"line":60,"column":8},"end":{"line":62,"column":10}},"29":{"start":{"line":65,"column":19},"end":{"line":65,"column":46}},"30":{"start":{"line":67,"column":6},"end":{"line":69,"column":7}},"31":{"start":{"line":68,"column":8},"end":{"line":68,"column":61}},"32":{"start":{"line":71,"column":29},"end":{"line":71,"column":31}},"33":{"start":{"line":72,"column":6},"end":{"line":78,"column":7}},"34":{"start":{"line":73,"column":8},"end":{"line":77,"column":10}},"35":{"start":{"line":80,"column":28},"end":{"line":92,"column":7}},"36":{"start":{"line":94,"column":6},"end":{"line":99,"column":9}},"37":{"start":{"line":101,"column":33},"end":{"line":115,"column":7}},"38":{"start":{"line":117,"column":6},"end":{"line":121,"column":9}},"39":{"start":{"line":123,"column":6},"end":{"line":126,"column":9}},"40":{"start":{"line":128,"column":6},"end":{"line":128,"column":56}},"41":{"start":{"line":134,"column":0},"end":{"line":232,"column":2}},"42":{"start":{"line":137,"column":4},"end":{"line":230,"column":5}},"43":{"start":{"line":138,"column":70},"end":{"line":138,"column":78}},"44":{"start":{"line":140,"column":6},"end":{"line":147,"column":7}},"45":{"start":{"line":141,"column":8},"end":{"line":146,"column":10}},"46":{"start":{"line":149,"column":31},"end":{"line":149,"column":39}},"47":{"start":{"line":151,"column":29},"end":{"line":151,"column":62}},"48":{"start":{"line":152,"column":6},"end":{"line":159,"column":7}},"49":{"start":{"line":153,"column":8},"end":{"line":158,"column":10}},"50":{"start":{"line":161,"column":25},"end":{"line":161,"column":53}},"51":{"start":{"line":162,"column":6},"end":{"line":164,"column":7}},"52":{"start":{"line":163,"column":8},"end":{"line":163,"column":75}},"53":{"start":{"line":166,"column":19},"end":{"line":166,"column":46}},"54":{"start":{"line":168,"column":6},"end":{"line":170,"column":7}},"55":{"start":{"line":169,"column":8},"end":{"line":169,"column":61}},"56":{"start":{"line":172,"column":29},"end":{"line":172,"column":31}},"57":{"start":{"line":173,"column":6},"end":{"line":179,"column":7}},"58":{"start":{"line":174,"column":8},"end":{"line":178,"column":10}},"59":{"start":{"line":181,"column":28},"end":{"line":193,"column":7}},"60":{"start":{"line":195,"column":6},"end":{"line":200,"column":9}},"61":{"start":{"line":202,"column":33},"end":{"line":216,"column":7}},"62":{"start":{"line":218,"column":6},"end":{"line":222,"column":9}},"63":{"start":{"line":224,"column":6},"end":{"line":227,"column":9}},"64":{"start":{"line":229,"column":6},"end":{"line":229,"column":56}},"65":{"start":{"line":235,"column":0},"end":{"line":255,"column":2}},"66":{"start":{"line":238,"column":4},"end":{"line":253,"column":5}},"67":{"start":{"line":239,"column":19},"end":{"line":241,"column":7}},"68":{"start":{"line":243,"column":6},"end":{"line":245,"column":7}},"69":{"start":{"line":244,"column":8},"end":{"line":244,"column":61}},"70":{"start":{"line":247,"column":6},"end":{"line":250,"column":9}},"71":{"start":{"line":252,"column":6},"end":{"line":252,"column":56}},"72":{"start":{"line":258,"column":0},"end":{"line":277,"column":2}},"73":{"start":{"line":261,"column":4},"end":{"line":275,"column":5}},"74":{"start":{"line":263,"column":20},"end":{"line":263,"column":62}},"75":{"start":{"line":265,"column":6},"end":{"line":267,"column":7}},"76":{"start":{"line":266,"column":8},"end":{"line":266,"column":74}},"77":{"start":{"line":269,"column":6},"end":{"line":272,"column":9}},"78":{"start":{"line":274,"column":6},"end":{"line":274,"column":56}},"79":{"start":{"line":280,"column":0},"end":{"line":358,"column":2}},"80":{"start":{"line":284,"column":4},"end":{"line":356,"column":5}},"81":{"start":{"line":285,"column":45},"end":{"line":285,"column":53}},"82":{"start":{"line":287,"column":6},"end":{"line":291,"column":7}},"83":{"start":{"line":288,"column":8},"end":{"line":290,"column":10}},"84":{"start":{"line":293,"column":20},"end":{"line":293,"column":41}},"85":{"start":{"line":295,"column":6},"end":{"line":297,"column":7}},"86":{"start":{"line":296,"column":8},"end":{"line":296,"column":62}},"87":{"start":{"line":299,"column":25},"end":{"line":299,"column":27}},"88":{"start":{"line":300,"column":6},"end":{"line":302,"column":7}},"89":{"start":{"line":301,"column":8},"end":{"line":301,"column":47}},"90":{"start":{"line":304,"column":29},"end":{"line":316,"column":7}},"91":{"start":{"line":318,"column":6},"end":{"line":323,"column":9}},"92":{"start":{"line":325,"column":33},"end":{"line":341,"column":7}},"93":{"start":{"line":343,"column":6},"end":{"line":347,"column":9}},"94":{"start":{"line":349,"column":6},"end":{"line":353,"column":9}},"95":{"start":{"line":355,"column":6},"end":{"line":355,"column":56}},"96":{"start":{"line":361,"column":0},"end":{"line":456,"column":2}},"97":{"start":{"line":364,"column":4},"end":{"line":454,"column":5}},"98":{"start":{"line":365,"column":58},"end":{"line":365,"column":66}},"99":{"start":{"line":367,"column":6},"end":{"line":374,"column":7}},"100":{"start":{"line":368,"column":8},"end":{"line":373,"column":10}},"101":{"start":{"line":376,"column":31},"end":{"line":376,"column":39}},"102":{"start":{"line":378,"column":29},"end":{"line":378,"column":62}},"103":{"start":{"line":379,"column":6},"end":{"line":386,"column":7}},"104":{"start":{"line":380,"column":8},"end":{"line":385,"column":10}},"105":{"start":{"line":388,"column":25},"end":{"line":388,"column":53}},"106":{"start":{"line":389,"column":6},"end":{"line":391,"column":7}},"107":{"start":{"line":390,"column":8},"end":{"line":390,"column":75}},"108":{"start":{"line":393,"column":20},"end":{"line":393,"column":41}},"109":{"start":{"line":395,"column":6},"end":{"line":397,"column":7}},"110":{"start":{"line":396,"column":8},"end":{"line":396,"column":62}},"111":{"start":{"line":399,"column":25},"end":{"line":399,"column":27}},"112":{"start":{"line":400,"column":6},"end":{"line":402,"column":7}},"113":{"start":{"line":401,"column":8},"end":{"line":401,"column":47}},"114":{"start":{"line":404,"column":29},"end":{"line":416,"column":7}},"115":{"start":{"line":418,"column":6},"end":{"line":423,"column":9}},"116":{"start":{"line":425,"column":33},"end":{"line":439,"column":7}},"117":{"start":{"line":441,"column":6},"end":{"line":445,"column":9}},"118":{"start":{"line":447,"column":6},"end":{"line":451,"column":9}},"119":{"start":{"line":453,"column":6},"end":{"line":453,"column":56}},"120":{"start":{"line":458,"column":0},"end":{"line":458,"column":24}}},"fnMap":{"0":{"name":"(anonymous_0)","decl":{"start":{"line":11,"column":22},"end":{"line":11,"column":23}},"loc":{"start":{"line":11,"column":39},"end":{"line":31,"column":1}},"line":11},"1":{"name":"(anonymous_1)","decl":{"start":{"line":36,"column":19},"end":{"line":36,"column":20}},"loc":{"start":{"line":36,"column":45},"end":{"line":48,"column":3}},"line":36},"2":{"name":"(anonymous_2)","decl":{"start":{"line":55,"column":19},"end":{"line":55,"column":20}},"loc":{"start":{"line":55,"column":45},"end":{"line":130,"column":3}},"line":55},"3":{"name":"(anonymous_3)","decl":{"start":{"line":136,"column":19},"end":{"line":136,"column":20}},"loc":{"start":{"line":136,"column":45},"end":{"line":231,"column":3}},"line":136},"4":{"name":"(anonymous_4)","decl":{"start":{"line":237,"column":19},"end":{"line":237,"column":20}},"loc":{"start":{"line":237,"column":45},"end":{"line":254,"column":3}},"line":237},"5":{"name":"(anonymous_5)","decl":{"start":{"line":260,"column":19},"end":{"line":260,"column":20}},"loc":{"start":{"line":260,"column":45},"end":{"line":276,"column":3}},"line":260},"6":{"name":"(anonymous_6)","decl":{"start":{"line":283,"column":19},"end":{"line":283,"column":20}},"loc":{"start":{"line":283,"column":45},"end":{"line":357,"column":3}},"line":283},"7":{"name":"(anonymous_7)","decl":{"start":{"line":363,"column":19},"end":{"line":363,"column":20}},"loc":{"start":{"line":363,"column":45},"end":{"line":455,"column":3}},"line":363}},"branchMap":{"0":{"loc":{"start":{"line":12,"column":2},"end":{"line":12,"column":27}},"type":"if","locations":[{"start":{"line":12,"column":2},"end":{"line":12,"column":27}},{"start":{},"end":{}}],"line":12},"1":{"loc":{"start":{"line":59,"column":6},"end":{"line":63,"column":7}},"type":"if","locations":[{"start":{"line":59,"column":6},"end":{"line":63,"column":7}},{"start":{},"end":{}}],"line":59},"2":{"loc":{"start":{"line":59,"column":10},"end":{"line":59,"column":41}},"type":"binary-expr","locations":[{"start":{"line":59,"column":10},"end":{"line":59,"column":17}},{"start":{"line":59,"column":21},"end":{"line":59,"column":29}},{"start":{"line":59,"column":33},"end":{"line":59,"column":41}}],"line":59},"3":{"loc":{"start":{"line":67,"column":6},"end":{"line":69,"column":7}},"type":"if","locations":[{"start":{"line":67,"column":6},"end":{"line":69,"column":7}},{"start":{},"end":{}}],"line":67},"4":{"loc":{"start":{"line":72,"column":6},"end":{"line":78,"column":7}},"type":"if","locations":[{"start":{"line":72,"column":6},"end":{"line":78,"column":7}},{"start":{},"end":{}}],"line":72},"5":{"loc":{"start":{"line":140,"column":6},"end":{"line":147,"column":7}},"type":"if","locations":[{"start":{"line":140,"column":6},"end":{"line":147,"column":7}},{"start":{},"end":{}}],"line":140},"6":{"loc":{"start":{"line":140,"column":10},"end":{"line":140,"column":60}},"type":"binary-expr","locations":[{"start":{"line":140,"column":10},"end":{"line":140,"column":17}},{"start":{"line":140,"column":21},"end":{"line":140,"column":26}},{"start":{"line":140,"column":30},"end":{"line":140,"column":36}},{"start":{"line":140,"column":40},"end":{"line":140,"column":48}},{"start":{"line":140,"column":52},"end":{"line":140,"column":60}}],"line":140},"7":{"loc":{"start":{"line":152,"column":6},"end":{"line":159,"column":7}},"type":"if","locations":[{"start":{"line":152,"column":6},"end":{"line":159,"column":7}},{"start":{},"end":{}}],"line":152},"8":{"loc":{"start":{"line":162,"column":6},"end":{"line":164,"column":7}},"type":"if","locations":[{"start":{"line":162,"column":6},"end":{"line":164,"column":7}},{"start":{},"end":{}}],"line":162},"9":{"loc":{"start":{"line":168,"column":6},"end":{"line":170,"column":7}},"type":"if","locations":[{"start":{"line":168,"column":6},"end":{"line":170,"column":7}},{"start":{},"end":{}}],"line":168},"10":{"loc":{"start":{"line":173,"column":6},"end":{"line":179,"column":7}},"type":"if","locations":[{"start":{"line":173,"column":6},"end":{"line":179,"column":7}},{"start":{},"end":{}}],"line":173},"11":{"loc":{"start":{"line":243,"column":6},"end":{"line":245,"column":7}},"type":"if","locations":[{"start":{"line":243,"column":6},"end":{"line":245,"column":7}},{"start":{},"end":{}}],"line":243},"12":{"loc":{"start":{"line":265,"column":6},"end":{"line":267,"column":7}},"type":"if","locations":[{"start":{"line":265,"column":6},"end":{"line":267,"column":7}},{"start":{},"end":{}}],"line":265},"13":{"loc":{"start":{"line":287,"column":6},"end":{"line":291,"column":7}},"type":"if","locations":[{"start":{"line":287,"column":6},"end":{"line":291,"column":7}},{"start":{},"end":{}}],"line":287},"14":{"loc":{"start":{"line":287,"column":10},"end":{"line":287,"column":30}},"type":"binary-expr","locations":[{"start":{"line":287,"column":10},"end":{"line":287,"column":18}},{"start":{"line":287,"column":22},"end":{"line":287,"column":30}}],"line":287},"15":{"loc":{"start":{"line":295,"column":6},"end":{"line":297,"column":7}},"type":"if","locations":[{"start":{"line":295,"column":6},"end":{"line":297,"column":7}},{"start":{},"end":{}}],"line":295},"16":{"loc":{"start":{"line":300,"column":6},"end":{"line":302,"column":7}},"type":"if","locations":[{"start":{"line":300,"column":6},"end":{"line":302,"column":7}},{"start":{},"end":{}}],"line":300},"17":{"loc":{"start":{"line":334,"column":10},"end":{"line":334,"column":49}},"type":"cond-expr","locations":[{"start":{"line":334,"column":25},"end":{"line":334,"column":44}},{"start":{"line":334,"column":47},"end":{"line":334,"column":49}}],"line":334},"18":{"loc":{"start":{"line":367,"column":6},"end":{"line":374,"column":7}},"type":"if","locations":[{"start":{"line":367,"column":6},"end":{"line":374,"column":7}},{"start":{},"end":{}}],"line":367},"19":{"loc":{"start":{"line":367,"column":10},"end":{"line":367,"column":49}},"type":"binary-expr","locations":[{"start":{"line":367,"column":10},"end":{"line":367,"column":15}},{"start":{"line":367,"column":19},"end":{"line":367,"column":25}},{"start":{"line":367,"column":29},"end":{"line":367,"column":37}},{"start":{"line":367,"column":41},"end":{"line":367,"column":49}}],"line":367},"20":{"loc":{"start":{"line":379,"column":6},"end":{"line":386,"column":7}},"type":"if","locations":[{"start":{"line":379,"column":6},"end":{"line":386,"column":7}},{"start":{},"end":{}}],"line":379},"21":{"loc":{"start":{"line":389,"column":6},"end":{"line":391,"column":7}},"type":"if","locations":[{"start":{"line":389,"column":6},"end":{"line":391,"column":7}},{"start":{},"end":{}}],"line":389},"22":{"loc":{"start":{"line":395,"column":6},"end":{"line":397,"column":7}},"type":"if","locations":[{"start":{"line":395,"column":6},"end":{"line":397,"column":7}},{"start":{},"end":{}}],"line":395},"23":{"loc":{"start":{"line":400,"column":6},"end":{"line":402,"column":7}},"type":"if","locations":[{"start":{"line":400,"column":6},"end":{"line":402,"column":7}},{"start":{},"end":{}}],"line":400},"24":{"loc":{"start":{"line":432,"column":10},"end":{"line":432,"column":49}},"type":"cond-expr","locations":[{"start":{"line":432,"column":25},"end":{"line":432,"column":44}},{"start":{"line":432,"column":47},"end":{"line":432,"column":49}}],"line":432}},"s":{"0":0,"1":0,"2":0,"3":0,"4":0,"5":0,"6":0,"7":0,"8":0,"9":0,"10":0,"11":0,"12":0,"13":0,"14":0,"15":0,"16":0,"17":0,"18":0,"19":0,"20":0,"21":0,"22":0,"23":0,"24":0,"25":0,"26":0,"27":0,"28":0,"29":0,"30":0,"31":0,"32":0,"33":0,"34":0,"35":0,"36":0,"37":0,"38":0,"39":0,"40":0,"41":0,"42":0,"43":0,"44":0,"45":0,"46":0,"47":0,"48":0,"49":0,"50":0,"51":0,"52":0,"53":0,"54":0,"55":0,"56":0,"57":0,"58":0,"59":0,"60":0,"61":0,"62":0,"63":0,"64":0,"65":0,"66":0,"67":0,"68":0,"69":0,"70":0,"71":0,"72":0,"73":0,"74":0,"75":0,"76":0,"77":0,"78":0,"79":0,"80":0,"81":0,"82":0,"83":0,"84":0,"85":0,"86":0,"87":0,"88":0,"89":0,"90":0,"91":0,"92":0,"93":0,"94":0,"95":0,"96":0,"97":0,"98":0,"99":0,"100":0,"101":0,"102":0,"103":0,"104":0,"105":0,"106":0,"107":0,"108":0,"109":0,"110":0,"111":0,"112":0,"113":0,"114":0,"115":0,"116":0,"117":0,"118":0,"119":0,"120":0},"f":{"0":0,"1":0,"2":0,"3":0,"4":0,"5":0,"6":0,"7":0},"b":{"0":[0,0],"1":[0,0],"2":[0,0,0],"3":[0,0],"4":[0,0],"5":[0,0],"6":[0,0,0,0,0],"7":[0,0],"8":[0,0],"9":[0,0],"10":[0,0],"11":[0,0],"12":[0,0],"13":[0,0],"14":[0,0],"15":[0,0],"16":[0,0],"17":[0,0],"18":[0,0],"19":[0,0,0,0],"20":[0,0],"21":[0,0],"22":[0,0],"23":[0,0],"24":[0,0]}}
,"C:\\Users\\User\\Desktop\\cozyCrochet\\backend\\controller\\offer.js": {"path":"C:\\Users\\User\\Desktop\\cozyCrochet\\backend\\controller\\offer.js","statementMap":{"0":{"start":{"line":1,"column":16},"end":{"line":1,"column":34}},"1":{"start":{"line":2,"column":25},"end":{"line":2,"column":66}},"2":{"start":{"line":3,"column":19},"end":{"line":3,"column":39}},"3":{"start":{"line":4,"column":13},"end":{"line":4,"column":37}},"4":{"start":{"line":5,"column":16},"end":{"line":5,"column":43}},"5":{"start":{"line":6,"column":15},"end":{"line":6,"column":31}},"6":{"start":{"line":7,"column":14},"end":{"line":7,"column":39}},"7":{"start":{"line":8,"column":21},"end":{"line":8,"column":50}},"8":{"start":{"line":9,"column":11},"end":{"line":9,"column":24}},"9":{"start":{"line":10,"column":21},"end":{"line":10,"column":53}},"10":{"start":{"line":13,"column":0},"end":{"line":115,"column":2}},"11":{"start":{"line":17,"column":4},"end":{"line":113,"column":5}},"12":{"start":{"line":18,"column":21},"end":{"line":18,"column":36}},"13":{"start":{"line":19,"column":24},"end":{"line":19,"column":42}},"14":{"start":{"line":21,"column":6},"end":{"line":23,"column":7}},"15":{"start":{"line":22,"column":8},"end":{"line":22,"column":66}},"16":{"start":{"line":26,"column":19},"end":{"line":26,"column":46}},"17":{"start":{"line":27,"column":6},"end":{"line":29,"column":7}},"18":{"start":{"line":28,"column":8},"end":{"line":28,"column":61}},"19":{"start":{"line":32,"column":28},"end":{"line":32,"column":32}},"20":{"start":{"line":33,"column":6},"end":{"line":45,"column":7}},"21":{"start":{"line":34,"column":8},"end":{"line":34,"column":60}},"22":{"start":{"line":35,"column":8},"end":{"line":37,"column":9}},"23":{"start":{"line":36,"column":10},"end":{"line":36,"column":75}},"24":{"start":{"line":40,"column":8},"end":{"line":44,"column":9}},"25":{"start":{"line":41,"column":10},"end":{"line":43,"column":12}},"26":{"start":{"line":47,"column":6},"end":{"line":49,"column":7}},"27":{"start":{"line":48,"column":8},"end":{"line":48,"column":78}},"28":{"start":{"line":52,"column":19},"end":{"line":52,"column":21}},"29":{"start":{"line":54,"column":6},"end":{"line":67,"column":7}},"30":{"start":{"line":56,"column":8},"end":{"line":59,"column":12}},"31":{"start":{"line":56,"column":42},"end":{"line":59,"column":9}},"32":{"start":{"line":60,"column":13},"end":{"line":67,"column":7}},"33":{"start":{"line":62,"column":8},"end":{"line":62,"column":40}},"34":{"start":{"line":64,"column":8},"end":{"line":66,"column":10}},"35":{"start":{"line":70,"column":6},"end":{"line":74,"column":7}},"36":{"start":{"line":71,"column":8},"end":{"line":73,"column":10}},"37":{"start":{"line":76,"column":24},"end":{"line":76,"column":52}},"38":{"start":{"line":77,"column":22},"end":{"line":77,"column":48}},"39":{"start":{"line":79,"column":6},"end":{"line":81,"column":7}},"40":{"start":{"line":80,"column":8},"end":{"line":80,"column":80}},"41":{"start":{"line":84,"column":24},"end":{"line":100,"column":7}},"42":{"start":{"line":102,"column":27},"end":{"line":102,"column":56}},"43":{"start":{"line":104,"column":6},"end":{"line":107,"column":9}},"44":{"start":{"line":109,"column":6},"end":{"line":109,"column":52}},"45":{"start":{"line":110,"column":6},"end":{"line":112,"column":8}},"46":{"start":{"line":118,"column":0},"end":{"line":132,"column":2}},"47":{"start":{"line":121,"column":4},"end":{"line":130,"column":5}},"48":{"start":{"line":122,"column":21},"end":{"line":122,"column":64}},"49":{"start":{"line":124,"column":6},"end":{"line":127,"column":9}},"50":{"start":{"line":129,"column":6},"end":{"line":129,"column":48}},"51":{"start":{"line":135,"column":0},"end":{"line":178,"column":2}},"52":{"start":{"line":139,"column":4},"end":{"line":176,"column":5}},"53":{"start":{"line":140,"column":24},"end":{"line":140,"column":37}},"54":{"start":{"line":142,"column":24},"end":{"line":142,"column":55}},"55":{"start":{"line":144,"column":6},"end":{"line":146,"column":7}},"56":{"start":{"line":145,"column":8},"end":{"line":145,"column":62}},"57":{"start":{"line":149,"column":6},"end":{"line":166,"column":7}},"58":{"start":{"line":151,"column":8},"end":{"line":165,"column":11}},"59":{"start":{"line":152,"column":27},"end":{"line":152,"column":53}},"60":{"start":{"line":153,"column":27},"end":{"line":153,"column":48}},"61":{"start":{"line":155,"column":10},"end":{"line":164,"column":11}},"62":{"start":{"line":156,"column":12},"end":{"line":161,"column":13}},"63":{"start":{"line":157,"column":14},"end":{"line":157,"column":38}},"64":{"start":{"line":158,"column":14},"end":{"line":158,"column":63}},"65":{"start":{"line":160,"column":14},"end":{"line":160,"column":57}},"66":{"start":{"line":163,"column":12},"end":{"line":163,"column":65}},"67":{"start":{"line":168,"column":20},"end":{"line":168,"column":60}},"68":{"start":{"line":170,"column":6},"end":{"line":173,"column":9}},"69":{"start":{"line":175,"column":6},"end":{"line":175,"column":48}},"70":{"start":{"line":181,"column":0},"end":{"line":194,"column":2}},"71":{"start":{"line":184,"column":4},"end":{"line":192,"column":5}},"72":{"start":{"line":185,"column":21},"end":{"line":185,"column":39}},"73":{"start":{"line":186,"column":6},"end":{"line":189,"column":9}},"74":{"start":{"line":191,"column":6},"end":{"line":191,"column":48}},"75":{"start":{"line":196,"column":0},"end":{"line":196,"column":24}}},"fnMap":{"0":{"name":"(anonymous_0)","decl":{"start":{"line":16,"column":19},"end":{"line":16,"column":20}},"loc":{"start":{"line":16,"column":45},"end":{"line":114,"column":3}},"line":16},"1":{"name":"(anonymous_1)","decl":{"start":{"line":56,"column":31},"end":{"line":56,"column":32}},"loc":{"start":{"line":56,"column":42},"end":{"line":59,"column":9}},"line":56},"2":{"name":"(anonymous_2)","decl":{"start":{"line":120,"column":19},"end":{"line":120,"column":20}},"loc":{"start":{"line":120,"column":45},"end":{"line":131,"column":3}},"line":120},"3":{"name":"(anonymous_3)","decl":{"start":{"line":138,"column":19},"end":{"line":138,"column":20}},"loc":{"start":{"line":138,"column":45},"end":{"line":177,"column":3}},"line":138},"4":{"name":"(anonymous_4)","decl":{"start":{"line":151,"column":33},"end":{"line":151,"column":34}},"loc":{"start":{"line":151,"column":44},"end":{"line":165,"column":9}},"line":151},"5":{"name":"(anonymous_5)","decl":{"start":{"line":183,"column":19},"end":{"line":183,"column":20}},"loc":{"start":{"line":183,"column":45},"end":{"line":193,"column":3}},"line":183}},"branchMap":{"0":{"loc":{"start":{"line":21,"column":6},"end":{"line":23,"column":7}},"type":"if","locations":[{"start":{"line":21,"column":6},"end":{"line":23,"column":7}},{"start":{},"end":{}}],"line":21},"1":{"loc":{"start":{"line":27,"column":6},"end":{"line":29,"column":7}},"type":"if","locations":[{"start":{"line":27,"column":6},"end":{"line":29,"column":7}},{"start":{},"end":{}}],"line":27},"2":{"loc":{"start":{"line":33,"column":6},"end":{"line":45,"column":7}},"type":"if","locations":[{"start":{"line":33,"column":6},"end":{"line":45,"column":7}},{"start":{},"end":{}}],"line":33},"3":{"loc":{"start":{"line":35,"column":8},"end":{"line":37,"column":9}},"type":"if","locations":[{"start":{"line":35,"column":8},"end":{"line":37,"column":9}},{"start":{},"end":{}}],"line":35},"4":{"loc":{"start":{"line":40,"column":8},"end":{"line":44,"column":9}},"type":"if","locations":[{"start":{"line":40,"column":8},"end":{"line":44,"column":9}},{"start":{},"end":{}}],"line":40},"5":{"loc":{"start":{"line":47,"column":6},"end":{"line":49,"column":7}},"type":"if","locations":[{"start":{"line":47,"column":6},"end":{"line":49,"column":7}},{"start":{},"end":{}}],"line":47},"6":{"loc":{"start":{"line":47,"column":10},"end":{"line":47,"column":71}},"type":"binary-expr","locations":[{"start":{"line":47,"column":10},"end":{"line":47,"column":24}},{"start":{"line":47,"column":28},"end":{"line":47,"column":49}},{"start":{"line":47,"column":53},"end":{"line":47,"column":71}}],"line":47},"7":{"loc":{"start":{"line":54,"column":6},"end":{"line":67,"column":7}},"type":"if","locations":[{"start":{"line":54,"column":6},"end":{"line":67,"column":7}},{"start":{"line":60,"column":13},"end":{"line":67,"column":7}}],"line":54},"8":{"loc":{"start":{"line":54,"column":10},"end":{"line":54,"column":43}},"type":"binary-expr","locations":[{"start":{"line":54,"column":10},"end":{"line":54,"column":19}},{"start":{"line":54,"column":23},"end":{"line":54,"column":43}}],"line":54},"9":{"loc":{"start":{"line":60,"column":13},"end":{"line":67,"column":7}},"type":"if","locations":[{"start":{"line":60,"column":13},"end":{"line":67,"column":7}},{"start":{"line":63,"column":13},"end":{"line":67,"column":7}}],"line":60},"10":{"loc":{"start":{"line":70,"column":6},"end":{"line":74,"column":7}},"type":"if","locations":[{"start":{"line":70,"column":6},"end":{"line":74,"column":7}},{"start":{},"end":{}}],"line":70},"11":{"loc":{"start":{"line":70,"column":10},"end":{"line":70,"column":50}},"type":"binary-expr","locations":[{"start":{"line":70,"column":10},"end":{"line":70,"column":29}},{"start":{"line":70,"column":33},"end":{"line":70,"column":50}}],"line":70},"12":{"loc":{"start":{"line":79,"column":6},"end":{"line":81,"column":7}},"type":"if","locations":[{"start":{"line":79,"column":6},"end":{"line":81,"column":7}},{"start":{},"end":{}}],"line":79},"13":{"loc":{"start":{"line":90,"column":16},"end":{"line":90,"column":43}},"type":"binary-expr","locations":[{"start":{"line":90,"column":16},"end":{"line":90,"column":31}},{"start":{"line":90,"column":35},"end":{"line":90,"column":43}}],"line":90},"14":{"loc":{"start":{"line":91,"column":14},"end":{"line":91,"column":33}},"type":"binary-expr","locations":[{"start":{"line":91,"column":14},"end":{"line":91,"column":27}},{"start":{"line":91,"column":31},"end":{"line":91,"column":33}}],"line":91},"15":{"loc":{"start":{"line":99,"column":19},"end":{"line":99,"column":36}},"type":"binary-expr","locations":[{"start":{"line":99,"column":19},"end":{"line":99,"column":28}},{"start":{"line":99,"column":32},"end":{"line":99,"column":36}}],"line":99},"16":{"loc":{"start":{"line":111,"column":25},"end":{"line":111,"column":64}},"type":"binary-expr","locations":[{"start":{"line":111,"column":25},"end":{"line":111,"column":38}},{"start":{"line":111,"column":42},"end":{"line":111,"column":64}}],"line":111},"17":{"loc":{"start":{"line":144,"column":6},"end":{"line":146,"column":7}},"type":"if","locations":[{"start":{"line":144,"column":6},"end":{"line":146,"column":7}},{"start":{},"end":{}}],"line":144},"18":{"loc":{"start":{"line":149,"column":6},"end":{"line":166,"column":7}},"type":"if","locations":[{"start":{"line":149,"column":6},"end":{"line":166,"column":7}},{"start":{},"end":{}}],"line":149},"19":{"loc":{"start":{"line":156,"column":12},"end":{"line":161,"column":13}},"type":"if","locations":[{"start":{"line":156,"column":12},"end":{"line":161,"column":13}},{"start":{"line":159,"column":19},"end":{"line":161,"column":13}}],"line":156}},"s":{"0":0,"1":0,"2":0,"3":0,"4":0,"5":0,"6":0,"7":0,"8":0,"9":0,"10":0,"11":0,"12":0,"13":0,"14":0,"15":0,"16":0,"17":0,"18":0,"19":0,"20":0,"21":0,"22":0,"23":0,"24":0,"25":0,"26":0,"27":0,"28":0,"29":0,"30":0,"31":0,"32":0,"33":0,"34":0,"35":0,"36":0,"37":0,"38":0,"39":0,"40":0,"41":0,"42":0,"43":0,"44":0,"45":0,"46":0,"47":0,"48":0,"49":0,"50":0,"51":0,"52":0,"53":0,"54":0,"55":0,"56":0,"57":0,"58":0,"59":0,"60":0,"61":0,"62":0,"63":0,"64":0,"65":0,"66":0,"67":0,"68":0,"69":0,"70":0,"71":0,"72":0,"73":0,"74":0,"75":0},"f":{"0":0,"1":0,"2":0,"3":0,"4":0,"5":0},"b":{"0":[0,0],"1":[0,0],"2":[0,0],"3":[0,0],"4":[0,0],"5":[0,0],"6":[0,0,0],"7":[0,0],"8":[0,0],"9":[0,0],"10":[0,0],"11":[0,0],"12":[
[...]
,"C:\\Users\\User\\Desktop\\cozyCrochet\\backend\\middleware\\catchAsyncErrors.js": {"path":"C:\\Users\\User\\Desktop\\cozyCrochet\\backend\\middleware\\catchAsyncErrors.js","statementMap":{"0":{"start":{"line":1,"column":0},"end":{"line":3,"column":2}},"1":{"start":{"line":1,"column":27},"end":{"line":3,"column":1}},"2":{"start":{"line":2,"column":2},"end":{"line":2,"column":52}}},"fnMap":{"0":{"name":"(anonymous_0)","decl":{"start":{"line":1,"column":17},"end":{"line":1,"column":18}},"loc":{"start":{"line":1,"column":27},"end":{"line":3,"column":1}},"line":1},"1":{"name":"(anonymous_1)","decl":{"start":{"line":1,"column":27},"end":{"line":1,"column":28}},"loc":{"start":{"line":1,"column":47},"end":{"line":3,"column":1}},"line":1}},"branchMap":{},"s":{"0":1,"1":19,"2":0},"f":{"0":19,"1":0},"b":{},"_coverageSchema":"1a1c01bbd47fc00a2c39e90264f33305004495a9","hash":"60b42e950a30fac032a9f26f40a90cc2950ee8d5"}
,"C:\\Users\\User\\Desktop\\cozyCrochet\\backend\\middleware\\error.js": {"path":"C:\\Users\\User\\Desktop\\cozyCrochet\\backend\\middleware\\error.js","statementMap":{"0":{"start":{"line":1,"column":21},"end":{"line":1,"column":53}},"1":{"start":{"line":3,"column":0},"end":{"line":35,"column":2}},"2":{"start":{"line":4,"column":2},"end":{"line":4,"column":41}},"3":{"start":{"line":5,"column":2},"end":{"line":5,"column":55}},"4":{"start":{"line":8,"column":2},"end":{"line":11,"column":3}},"5":{"start":{"line":9,"column":20},"end":{"line":9,"column":62}},"6":{"start":{"line":10,"column":4},"end":{"line":10,"column":41}},"7":{"start":{"line":14,"column":2},"end":{"line":17,"column":3}},"8":{"start":{"line":15,"column":20},"end":{"line":15,"column":68}},"9":{"start":{"line":16,"column":4},"end":{"line":16,"column":41}},"10":{"start":{"line":20,"column":2},"end":{"line":23,"column":3}},"11":{"start":{"line":21,"column":20},"end":{"line":21,"column":44}},"12":{"start":{"line":22,"column":4},"end":{"line":22,"column":41}},"13":{"start":{"line":26,"column":2},"end":{"line":29,"column":3}},"14":{"start":{"line":27,"column":20},"end":{"line":27,"column":44}},"15":{"start":{"line":28,"column":4},"end":{"line":28,"column":41}},"16":{"start":{"line":31,"column":2},"end":{"line":34,"column":5}}},"fnMap":{"0":{"name":"(anonymous_0)","decl":{"start":{"line":3,"column":17},"end":{"line":3,"column":18}},"loc":{"start":{"line":3,"column":42},"end":{"line":35,"column":1}},"line":3}},"branchMap":{"0":{"loc":{"start":{"line":4,"column":19},"end":{"line":4,"column":40}},"type":"binary-expr","locations":[{"start":{"line":4,"column":19},"end":{"line":4,"column":33}},{"start":{"line":4,"column":37},"end":{"line":4,"column":40}}],"line":4},"1":{"loc":{"start":{"line":5,"column":16},"end":{"line":5,"column":54}},"type":"binary-expr","locations":[{"start":{"line":5,"column":16},"end":{"line":5,"column":27}},{"start":{"line":5,"column":31},"end":{"line":5,"column":54}}],"line":5},"2":{"loc":{"start":{"line":8,"column":2},"end":{"line":11,"column":3}},"type":"if","locations":[{"start":{"line":8,"column":2},"end":{"line":11,"column":3}},{"start":{},"end":{}}],"line":8},"3":{"loc":{"start":{"line":14,"column":2},"end":{"line":17,"column":3}},"type":"if","locations":[{"start":{"line":14,"column":2},"end":{"line":17,"column":3}},{"start":{},"end":{}}],"line":14},"4":{"loc":{"start":{"line":20,"column":2},"end":{"line":23,"column":3}},"type":"if","locations":[{"start":{"line":20,"column":2},"end":{"line":23,"column":3}},{"start":{},"end":{}}],"line":20},"5":{"loc":{"start":{"line":26,"column":2},"end":{"line":29,"column":3}},"type":"if","locations":[{"start":{"line":26,"column":2},"end":{"line":29,"column":3}},{"start":{},"end":{}}],"line":26}},"s":{"0":1,"1":1,"2":0,"3":0,"4":0,"5":0,"6":0,"7":0,"8":0,"9":0,"10":0,"11":0,"12":0,"13":0,"14":0,"15":0,"16":0},"f":{"0":0},"b":{"0":[0,0],"1":[0,0],"2":[0,0],"3":[0,0],"4":[0,0],"5":[0,0]},"_coverageSchema":"1a1c01bbd47fc00a2c39e90264f33305004495a9","hash":"194b5d409d059d2a75b946f9a138d70bda52d17d"}
,"C:\\Users\\User\\Desktop\\cozyCrochet\\backend\\model\\admin.js": {"path":"C:\\Users\\User\\Desktop\\cozyCrochet\\backend\\model\\admin.js","statementMap":{"0":{"start":{"line":1,"column":17},"end":{"line":1,"column":36}},"1":{"start":{"line":2,"column":12},"end":{"line":2,"column":35}},"2":{"start":{"line":3,"column":15},"end":{"line":3,"column":34}},"3":{"start":{"line":5,"column":20},"end":{"line":33,"column":2}},"4":{"start":{"line":36,"column":0},"end":{"line":41,"column":3}},"5":{"start":{"line":37,"column":2},"end":{"line":39,"column":3}},"6":{"start":{"line":38,"column":4},"end":{"line":38,"column":11}},"7":{"start":{"line":40,"column":2},"end":{"line":40,"column":55}},"8":{"start":{"line":44,"column":0},"end":{"line":48,"column":2}},"9":{"start":{"line":45,"column":2},"end":{"line":47,"column":5}},"10":{"start":{"line":51,"column":0},"end":{"line":53,"column":2}},"11":{"start":{"line":52,"column":2},"end":{"line":52,"column":62}},"12":{"start":{"line":55,"column":0},"end":{"line":55,"column":54}}},"fnMap":{"0":{"name":"(anonymous_0)","decl":{"start":{"line":36,"column":24},"end":{"line":36,"column":25}},"loc":{"start":{"line":36,"column":46},"end":{"line":41,"column":1}},"line":36},"1":{"name":"(anonymous_1)","decl":{"start":{"line":44,"column":34},"end":{"line":44,"column":35}},"loc":{"start":{"line":44,"column":46},"end":{"line":48,"column":1}},"line":44},"2":{"name":"(anonymous_2)","decl":{"start":{"line":51,"column":38},"end":{"line":51,"column":39}},"loc":{"start":{"line":51,"column":71},"end":{"line":53,"column":1}},"line":51}},"branchMap":{"0":{"loc":{"start":{"line":37,"column":2},"end":{"line":39,"column":3}},"type":"if","locations":[{"start":{"line":37,"column":2},"end":{"line":39,"column":3}},{"start":{},"end":{}}],"line":37}},"s":{"0":1,"1":1,"2":1,"3":1,"4":1,"5":0,"6":0,"7":0,"8":1,"9":0,"10":1,"11":0,"12":1},"f":{"0":0,"1":0,"2":0},"b":{"0":[0,0]},"_coverageSchema":"1a1c01bbd47fc00a2c39e90264f33305004495a9","hash":"f13014d0c676b62798ecb2b92cb5eb9a3e5c0054"}
,"C:\\Users\\User\\Desktop\\cozyCrochet\\backend\\model\\calendarEvent.js": {"path":"C:\\Users\\User\\Desktop\\cozyCrochet\\backend\\model\\calendarEvent.js","statementMap":{"0":{"start":{"line":1,"column":17},"end":{"line":1,"column":36}},"1":{"start":{"line":3,"column":28},"end":{"line":36,"column":2}},"2":{"start":{"line":38,"column":0},"end":{"line":38,"column":70}}},"fnMap":{},"branchMap":{},"s":{"0":1,"1":1,"2":1},"f":{},"b":{},"_coverageSchema":"1a1c01bbd47fc00a2c39e90264f33305004495a9","hash":"fcceb54e49cf715c77340dfa0758f6961d20c8f8"}
,"C:\\Users\\User\\Desktop\\cozyCrochet\\backend\\model\\cart.js": {"path":"C:\\Users\\User\\Desktop\\cozyCrochet\\backend\\model\\cart.js","statementMap":{"0":{"start":{"line":1,"column":17},"end":{"line":1,"column":36}},"1":{"start":{"line":3,"column":19},"end":{"line":31,"column":2}},"2":{"start":{"line":33,"column":0},"end":{"line":38,"column":2}},"3":{"start":{"line":34,"column":2},"end":{"line":37,"column":4}},"4":{"start":{"line":35,"column":21},"end":{"line":35,"column":55}},"5":{"start":{"line":40,"column":0},"end":{"line":40,"column":52}}},"fnMap":{"0":{"name":"(anonymous_0)","decl":{"start":{"line":33,"column":35},"end":{"line":33,"column":36}},"loc":{"start":{"line":33,"column":47},"end":{"line":38,"column":1}},"line":33},"1":{"name":"(anonymous_1)","decl":{"start":{"line":35,"column":4},"end":{"line":35,"column":5}},"loc":{"start":{"line":35,"column":21},"end":{"line":35,"column":55}},"line":35}},"branchMap":{},"s":{"0":0,"1":0,"2":0,"3":0,"4":0,"5":0},"f":{"0":0,"1":0},"b":{}}
,"C:\\Users\\User\\Desktop\\cozyCrochet\\backend\\model\\code.js": {"path":"C:\\Users\\User\\Desktop\\cozyCrochet\\backend\\model\\code.js","statementMap":{"0":{"start":{"line":1,"column":17},"end":{"line":1,"column":36}},"1":{"start":{"line":3,"column":19},"end":{"line":38,"column":2}},"2":{"start":{"line":41,"column":0},"end":{"line":41,"column":57}},"3":{"start":{"line":43,"column":0},"end":{"line":43,"column":52}}},"fnMap":{},"branchMap":{},"s":{"0":0,"1":0,"2":0,"3":0},"f":{},"b":{}}
,"C:\\Users\\User\\Desktop\\cozyCrochet\\backend\\model\\offer.js": {"path":"C:\\Users\\User\\Desktop\\cozyCrochet\\backend\\model\\offer.js","statementMap":{"0":{"start":{"line":1,"column":17},"end":{"line":1,"column":36}},"1":{"start":{"line":3,"column":20},"end":{"line":75,"column":2}},"2":{"start":{"line":77,"column":0},"end":{"line":77,"column":54}}},"fnMap":{},"branchMap":{},"s":{"0":0,"1":0,"2":0},"f":{},"b":{}}
,"C:\\Users\\User\\Desktop\\cozyCrochet\\backend\\model\\order.js": {"path":"C:\\Users\\User\\Desktop\\cozyCrochet\\backend\\model\\order.js","statementMap":{"0":{"start":{"line":1,"column":17},"end":{"line":1,"column":36}},"1":{"start":{"line":3,"column":20},"end":{"line":60,"column":2}},"2":{"start":{"line":10,"column":8},"end":{"line":17,"column":11}},"3":{"start":{"line":11,"column":10},"end":{"line":16,"column":12}},"4":{"start":{"line":62,"column":0},"end":{"line":62,"column":54}}},"fnMap":{"0":{"name":"(anonymous_0)","decl":{"start":{"line":9,"column":17},"end":{"line":9,"column":18}},"loc":{"start":{"line":9,"column":33},"end":{"line":18,"column":7}},"line":9},"1":{"name":"(anonymous_1)","decl":{"start":{"line":10,"column":26},"end":{"line":10,"column":27}},"loc":{"start":{"line":10,"column":36},"end":{"line":17,"column":9}},"line":10}},"branchMap":{"0":{"loc":{"start":{"line":12,"column":12},"end":{"line":15,"column":36}},"type":"binary-expr","locations":[{"start":{"line":12,"column":12},"end":{"line":12,"column":20}},{"start":{"line":13,"column":13},"end":{"line":13,"column":25}},{"start":{"line":13,"column":29},"end":{"line":13,"column":43}},{"start":{"line":14,"column":12},"end":{"line":14,"column":39}},{"start":{"line":15,"column":12},"end":{"line":15,"column":36}}],"line":12}},"s":{"0":0,"1":0,"2":0,"3":0,"4":0},"f":{"0":0,"1":0},"b":{"0":[0,0,0,0,0]}}
,"C:\\Users\\User\\Desktop\\cozyCrochet\\backend\\model\\product.js": {"path":"C:\\Users\\User\\Desktop\\cozyCrochet\\backend\\model\\product.js","statementMap":{"0":{"start":{"line":1,"column":17},"end":{"line":1,"column":36}},"1":{"start":{"line":3,"column":22},"end":{"line":81,"column":2}},"2":{"start":{"line":83,"column":0},"end":{"line":83,"column":58}}},"fnMap":{},"branchMap":{},"s":{"0":1,"1":1,"2":1},"f":{},"b":{},"_coverageSchema":"1a1c01bbd47fc00a2c39e90264f33305004495a9","hash":"9425107cf143385453ccf2135224379c883fd1fd"}
,"C:\\Users\\User\\Desktop\\cozyCrochet\\backend\\model\\shop.js": {"path":"C:\\Users\\User\\Desktop\\cozyCrochet\\backend\\model\\shop.js","statementMap":{"0":{"start":{"line":1,"column":17},"end":{"line":1,"column":36}},"1":{"start":{"line":2,"column":15},"end":{"line":2,"column":34}},"2":{"start":{"line":3,"column":12},"end":{"line":3,"column":35}},"3":{"start":{"line":5,"column":19},"end":{"line":56,"column":2}},"4":{"start":{"line":59,"column":0},"end":{"line":65,"column":3}},"5":{"start":{"line":60,"column":2},"end":{"line":62,"column":3}},"6":{"start":{"line":61,"column":4},"end":{"line":61,"column":11}},"7":{"start":{"line":64,"column":2},"end":{"line":64,"column":55}},"8":{"start":{"line":68,"column":0},"end":{"line":72,"column":2}},"9":{"start":{"line":69,"column":2},"end":{"line":71,"column":5}},"10":{"start":{"line":75,"column":0},"end":{"line":77,"column":2}},"11":{"start":{"line":76,"column":2},"end":{"line":76,"column":62}},"12":{"start":{"line":79,"column":0},"end":{"line":79,"column":52}}},"fnMap":{"0":{"name":"(anonymous_0)","decl":{"start":{"line":59,"column":23},"end":{"line":59,"column":24}},"loc":{"start":{"line":59,"column":45},"end":{"line":65,"column":1}},"line":59},"1":{"name":"(anonymous_1)","decl":{"start":{"line":68,"column":33},"end":{"line":68,"column":34}},"loc":{"start":{"line":68,"column":45},"end":{"line":72,"column":1}},"line":68},"2":{"name":"(anonymous_2)","decl":{"start":{"line":75,"column":37},"end":{"line":75,"column":38}},"loc":{"start":{"line":75,"column":70},"end":{"line":77,"column":1}},"line":75}},"branchMap":{"0":{"loc":{"start":{"line":60,"column":2},"end":{"line":62,"column":3}},"type":"if","locations":[{"start":{"line":60,"column":2},"end":{"line":62,"column":3}},{"start":{},"end":{}}],"line":60}},"s":{"0":1,"1":1,"2":1,"3":1,"4":1,"5":6,"6":0,"7":6,"8":1,"9":0,"10":1,"11":0,"12":1},"f":{"0":6,"1":0,"2":0},"b":{"0":[0,6]},"_coverageSchema":"1a1c01bbd47fc00a2c39e90264f33305004495a9","hash":"d265ba5d80c08e20b12d48de9e642838a1fe71ff"}
,"C:\\Users\\User\\Desktop\\cozyCrochet\\backend\\model\\user.js": {"path":"C:\\Users\\User\\Desktop\\cozyCrochet\\backend\\model\\user.js","statementMap":{"0":{"start":{"line":1,"column":17},"end":{"line":1,"column":36}},"1":{"start":{"line":2,"column":15},"end":{"line":2,"column":34}},"2":{"start":{"line":3,"column":12},"end":{"line":3,"column":35}},"3":{"start":{"line":5,"column":19},"end":{"line":71,"column":2}},"4":{"start":{"line":74,"column":0},"end":{"line":80,"column":3}},"5":{"start":{"line":75,"column":2},"end":{"line":77,"column":3}},"6":{"start":{"line":76,"column":4},"end":{"line":76,"column":11}},"7":{"start":{"line":79,"column":2},"end":{"line":79,"column":55}},"8":{"start":{"line":83,"column":0},"end":{"line":87,"column":2}},"9":{"start":{"line":84,"column":2},"end":{"line":86,"column":5}},"10":{"start":{"line":90,"column":0},"end":{"line":92,"column":2}},"11":{"start":{"line":91,"column":2},"end":{"line":91,"column":62}},"12":{"start":{"line":94,"column":0},"end":{"line":94,"column":52}}},"fnMap":{"0":{"name":"(anonymous_0)","decl":{"start":{"line":74,"column":23},"end":{"line":74,"column":24}},"loc":{"start":{"line":74,"column":45},"end":{"line":80,"column":1}},"line":74},"1":{"name":"(anonymous_1)","decl":{"start":{"line":83,"column":33},"end":{"line":83,"column":34}},"loc":{"start":{"line":83,"column":45},"end":{"line":87,"column":1}},"line":83},"2":{"name":"(anonymous_2)","decl":{"start":{"line":90,"column":37},"end":{"line":90,"column":38}},"loc":{"start":{"line":90,"column":70},"end":{"line":92,"column":1}},"line":90}},"branchMap":{"0":{"loc":{"start":{"line":75,"column":2},"end":{"line":77,"column":3}},"type":"if","locations":[{"start":{"line":75,"column":2},"end":{"line":77,"column":3}},{"start":{},"end":{}}],"line":75}},"s":{"0":1,"1":1,"2":1,"3":1,"4":1,"5":0,"6":0,"7":0,"8":1,"9":0,"10":1,"11":0,"12":1},"f":{"0":0,"1":0,"2":0},"b":{"0":[0,0]},"_coverageSchema":"1a1c01bbd47fc00a2c39e90264f33305004495a9","hash":"802270954be924f5ddd6801e2af82610d7dff47e"}
,"C:\\Users\\User\\Desktop\\cozyCrochet\\backend\\model\\wishlist.js": {"path":"C:\\Users\\User\\Desktop\\cozyCrochet\\backend\\model\\wishlist.js","statementMap":{"0":{"start":{"line":1,"column":17},"end":{"line":1,"column":36}},"1":{"start":{"line":3,"column":23},"end":{"line":21,"column":1}},"2":{"start":{"line":23,"column":0},"end":{"line":23,"column":60}}},"fnMap":{},"branchMap":{},"s":{"0":0,"1":0,"2":0},"f":{},"b":{}}
,"C:\\Users\\User\\Desktop\\cozyCrochet\\backend\\utils\\ErrorHandler.js": {"path":"C:\\Users\\User\\Desktop\\cozyCrochet\\backend\\utils\\ErrorHandler.js","statementMap":{"0":{"start":{"line":3,"column":4},"end":{"line":3,"column":19}},"1":{"start":{"line":4,"column":4},"end":{"line":4,"column":33}},"2":{"start":{"line":6,"column":4},"end":{"line":6,"column":52}},"3":{"start":{"line":10,"column":0},"end":{"line":10,"column":30}}},"fnMap":{"0":{"name":"(anonymous_0)","decl":{"start":{"line":2,"column":2},"end":{"line":2,"column":3}},"loc":{"start":{"line":2,"column":35},"end":{"line":7,"column":3}},"line":2}},"branchMap":{},"s":{"0":0,"1":0,"2":0,"3":1},"f":{"0":0},"b":{},"_coverageSchema":"1a1c01bbd47fc00a2c39e90264f33305004495a9","hash":"f9648c3eadc6461e41b1776a03efcf3e334a6f2b"}
,"C:\\Users\\User\\Desktop\\cozyCrochet\\backend\\utils\\adminToken.js": {"path":"C:\\Users\\User\\Desktop\\cozyCrochet\\backend\\utils\\adminToken.js","statementMap":{"0":{"start":{"line":1,"column":23},"end":{"line":17,"column":1}},"1":{"start":{"line":2,"column":16},"end":{"line":2,"column":35}},"2":{"start":{"line":5,"column":18},"end":{"line":10,"column":3}},"3":{"start":{"line":12,"column":2},"end":{"line":16,"column":5}},"4":{"start":{"line":19,"column":0},"end":{"line":19,"column":32}}},"fnMap":{"0":{"name":"(anonymous_0)","decl":{"start":{"line":1,"column":23},"end":{"line":1,"column":24}},"loc":{"start":{"line":1,"column":51},"end":{"line":17,"column":1}},"line":1}},"branchMap":{},"s":{"0":0,"1":0,"2":0,"3":0,"4":0},"f":{"0":0},"b":{}}
,"C:\\Users\\User\\Desktop\\cozyCrochet\\backend\\utils\\jwtToken.js": {"path":"C:\\Users\\User\\Desktop\\cozyCrochet\\backend\\utils\\jwtToken.js","statementMap":{"0":{"start":{"line":3,"column":13},"end":{"line":3,"column":37}},"1":{"start":{"line":5,"column":18},"end":{"line":22,"column":1}},"2":{"start":{"line":6,"column":16},"end":{"line":6,"column":34}},"3":{"start":{"line":10,"column":18},"end":{"line":15,"column":3}},"4":{"start":{"line":17,"column":2},"end":{"line":21,"column":5}},"5":{"start":{"line":24,"column":0},"end":{"line":24,"column":27}}},"fnMap":{"0":{"name":"(anonymous_0)","decl":{"start":{"line":5,"column":18},"end":{"line":5,"column":19}},"loc":{"start":{"line":5,"column":45},"end":{"line":22,"column":1}},"line":5}},"branchMap":{},"s":{"0":1,"1":1,"2":0,"3":0,"4":0,"5":1},"f":{"0":0},"b":{},"_coverageSchema":"1a1c01bbd47fc00a2c39e90264f33305004495a9","hash":"41db88c7ea1750271ccbe81fbef2f12a8b286b91"}
,"C:\\Users\\User\\Desktop\\cozyCrochet\\backend\\utils\\mail.js": {"path":"C:\\Users\\User\\Desktop\\cozyCrochet\\backend\\utils\\mail.js","statementMap":{"0":{"start":{"line":1,"column":19},"end":{"line":1,"column":40}},"1":{"start":{"line":3,"column":17},"end":{"line":23,"column":1}},"2":{"start":{"line":4,"column":22},"end":{"line":13,"column":4}},"3":{"start":{"line":15,"column":18},"end":{"line":20,"column":3}},"4":{"start":{"line":22,"column":2},"end":{"line":22,"column":38}},"5":{"start":{"line":25,"column":0},"end":{"line":25,"column":26}}},"fnMap":{"0":{"name":"(anonymous_0)","decl":{"start":{"line":3,"column":17},"end":{"line":3,"column":18}},"loc":{"start":{"line":3,"column":36},"end":{"line":23,"column":1}},"line":3}},"branchMap":{},"s":{"0":1,"1":1,"2":0,"3":0,"4":0,"5":1},"f":{"0":0},"b":{},"_coverageSchema":"1a1c01bbd47fc00a2c39e90264f33305004495a9","hash":"43d02d7165a0ac57c43151d2f10fb1d2bd1f845d"}
,"C:\\Users\\User\\Desktop\\cozyCrochet\\backend\\utils\\shopToken.js": {"path":"C:\\Users\\User\\Desktop\\cozyCrochet\\backend\\utils\\shopToken.js","statementMap":{"0":{"start":{"line":3,"column":13},"end":{"line":3,"column":37}},"1":{"start":{"line":5,"column":22},"end":{"line":22,"column":1}},"2":{"start":{"line":6,"column":16},"end":{"line":6,"column":34}},"3":{"start":{"line":10,"column":18},"end":{"line":15,"column":3}},"4":{"start":{"line":17,"column":2},"end":{"line":21,"column":5}},"5":{"start":{"line":24,"column":0},"end":{"line":24,"column":31}}},"fnMap":{"0":{"name":"(anonymous_0)","decl":{"start":{"line":5,"column":22},"end":{"line":5,"column":23}},"loc":{"start":{"line":5,"column":49},"end":{"line":22,"column":1}},"line":5}},"branchMap":{},"s":{"0":0,"1":0,"2":0,"3":0,"4":0,"5":0},"f":{"0":0},"b":{}}
}
