TN:
SF:backend\app.js
FN:20,(anonymous_0)
FN:63,(anonymous_1)
FNF:2
FNH:2
FNDA:6,(anonymous_0)
FNDA:6,(anonymous_1)
DA:1,1
DA:2,1
DA:3,1
DA:4,1
DA:5,1
DA:6,1
DA:8,1
DA:9,1
DA:10,1
DA:11,1
DA:12,1
DA:20,1
DA:21,6
DA:22,6
DA:26,1
DA:27,1
DA:28,1
DA:29,1
DA:30,1
DA:31,1
DA:32,1
DA:33,1
DA:34,1
DA:35,1
DA:36,1
DA:37,1
DA:39,1
DA:40,1
DA:41,1
DA:42,1
DA:43,1
DA:44,1
DA:45,1
DA:46,1
DA:47,1
DA:48,1
DA:49,1
DA:50,1
DA:53,1
DA:54,1
DA:60,1
DA:63,1
DA:64,6
DA:65,6
DA:66,6
DA:67,6
DA:70,1
LF:47
LH:47
BRDA:53,0,0,1
BRDA:53,0,1,0
BRF:2
BRH:1
end_of_record
TN:
SF:backend\multer.js
FN:4,(anonymous_0)
FN:7,(anonymous_1)
FNF:2
FNH:0
FNDA:0,(anonymous_0)
FNDA:0,(anonymous_1)
DA:1,1
DA:3,1
DA:5,0
DA:8,0
DA:9,0
DA:10,0
DA:14,1
LF:7
LH:3
BRF:0
BRH:0
end_of_record
TN:
SF:backend\server.js
FN:11,(anonymous_0)
FN:14,(anonymous_1)
FN:19,(anonymous_2)
FNF:3
FNH:0
FNDA:0,(anonymous_0)
FNDA:0,(anonymous_1)
FNDA:0,(anonymous_2)
DA:1,0
DA:2,0
DA:3,0
DA:5,0
DA:7,0
DA:9,0
DA:12,0
DA:15,0
DA:18,0
DA:19,0
DA:20,0
LF:11
LH:0
BRDA:18,0,0,0
BRDA:18,0,1,0
BRF:2
BRH:0
end_of_record
TN:
SF:backend\controller\admin.js
FN:20,(anonymous_0)
FN:51,(anonymous_1)
FN:72,(anonymous_2)
FN:97,(anonymous_3)
FN:115,(anonymous_4)
FN:146,(anonymous_5)
FN:164,(anonymous_6)
FN:197,(anonymous_7)
FN:215,(anonymous_8)
FN:247,(anonymous_9)
FN:265,(anonymous_10)
FN:299,(anonymous_11)
FN:310,(anonymous_12)
FN:360,(anonymous_13)
FN:362,(anonymous_14)
FNF:15
FNH:0
FNDA:0,(anonymous_0)
FNDA:0,(anonymous_1)
FNDA:0,(anonymous_2)
FNDA:0,(anonymous_3)
FNDA:0,(anonymous_4)
FNDA:0,(anonymous_5)
FNDA:0,(anonymous_6)
FNDA:0,(anonymous_7)
FNDA:0,(anonymous_8)
FNDA:0,(anonymous_9)
FNDA:0,(anonymous_10)
FNDA:0,(anonymous_11)
FNDA:0,(anonymous_12)
FNDA:0,(anonymous_13)
FNDA:0,(anonymous_14)
DA:1,0
DA:2,0
DA:3,0
DA:4,0
DA:5,0
DA:6,0
DA:7,0
DA:8,0
DA:9,0
DA:10,0
DA:11,0
DA:12,0
DA:13,0
DA:14,0
DA:15,0
DA:18,0
DA:21,0
DA:22,0
DA:24,0
DA:25,0
DA:28,0
DA:30,0
DA:31,0
DA:34,0
DA:36,0
DA:37,0
DA:40,0
DA:42,0
DA:48,0
DA:52,0
DA:53,0
DA:58,0
DA:63,0
DA:69,0
DA:73,0
DA:74,0
DA:75,0
DA:77,0
DA:78,0
DA:79,0
DA:82,0
DA:87,0
DA:88,0
DA:94,0
DA:98,0
DA:99,0
DA:101,0
DA:106,0
DA:112,0
DA:116,0
DA:117,0
DA:119,0
DA:120,0
DA:123,0
DA:124,0
DA:125,0
DA:126,0
DA:130,0
DA:132,0
DA:137,0
DA:143,0
DA:147,0
DA:148,0
DA:150,0
DA:155,0
DA:161,0
DA:165,0
DA:166,0
DA:168,0
DA:169,0
DA:172,0
DA:173,0
DA:174,0
DA:175,0
DA:179,0
DA:181,0
DA:183,0
DA:188,0
DA:194,0
DA:198,0
DA:199,0
DA:201,0
DA:206,0
DA:212,0
DA:216,0
DA:217,0
DA:219,0
DA:220,0
DA:223,0
DA:224,0
DA:225,0
DA:226,0
DA:227,0
DA:231,0
DA:233,0
DA:238,0
DA:244,0
DA:248,0
DA:249,0
DA:251,0
DA:256,0
DA:262,0
DA:266,0
DA:267,0
DA:269,0
DA:270,0
DA:273,0
DA:274,0
DA:275,0
DA:277,0
DA:278,0
DA:281,0
DA:283,0
DA:285,0
DA:290,0
DA:296,0
DA:300,0
DA:302,0
DA:303,0
DA:304,0
DA:305,0
DA:308,0
DA:309,0
DA:310,0
DA:315,0
DA:321,0
DA:322,0
DA:323,0
DA:326,0
DA:327,0
DA:328,0
DA:329,0
DA:330,0
DA:340,0
DA:359,0
DA:361,0
DA:363,0
DA:365,0
DA:376,0
DA:380,0
DA:394,0
DA:434,0
LF:142
LH:0
BRDA:24,0,0,0
BRDA:24,0,1,0
BRDA:24,1,0,0
BRDA:24,1,1,0
BRDA:30,2,0,0
BRDA:30,2,1,0
BRDA:36,3,0,0
BRDA:36,3,1,0
BRDA:77,4,0,0
BRDA:77,4,1,0
BRDA:119,5,0,0
BRDA:119,5,1,0
BRDA:123,6,0,0
BRDA:123,6,1,0
BRDA:123,7,0,0
BRDA:123,7,1,0
BRDA:125,8,0,0
BRDA:125,8,1,0
BRDA:168,9,0,0
BRDA:168,9,1,0
BRDA:172,10,0,0
BRDA:172,10,1,0
BRDA:172,11,0,0
BRDA:172,11,1,0
BRDA:174,12,0,0
BRDA:174,12,1,0
BRDA:219,13,0,0
BRDA:219,13,1,0
BRDA:226,14,0,0
BRDA:226,14,1,0
BRDA:269,15,0,0
BRDA:269,15,1,0
BRDA:273,16,0,0
BRDA:273,16,1,0
BRDA:274,17,0,0
BRDA:274,17,1,0
BRDA:310,18,0,0
BRDA:310,18,1,0
BRDA:363,19,0,0
BRDA:363,19,1,0
BRDA:369,20,0,0
BRDA:369,20,1,0
BRDA:370,21,0,0
BRDA:370,21,1,0
BRF:44
BRH:0
end_of_record
TN:
SF:backend\controller\calendar.js
FN:15,(anonymous_0)
FN:50,(anonymous_1)
FN:68,(anonymous_2)
FN:105,(anonymous_3)
FN:141,(anonymous_4)
FNF:5
FNH:0
FNDA:0,(anonymous_0)
FNDA:0,(anonymous_1)
FNDA:0,(anonymous_2)
FNDA:0,(anonymous_3)
FNDA:0,(anonymous_4)
DA:1,1
DA:2,1
DA:3,1
DA:4,1
DA:5,1
DA:6,1
DA:7,1
DA:8,1
DA:12,1
DA:16,0
DA:17,0
DA:19,0
DA:20,0
DA:24,0
DA:32,0
DA:36,0
DA:41,0
DA:47,1
DA:51,0
DA:52,0
DA:54,0
DA:59,0
DA:65,1
DA:69,0
DA:70,0
DA:71,0
DA:73,0
DA:75,0
DA:76,0
DA:80,0
DA:81,0
DA:85,0
DA:86,0
DA:87,0
DA:89,0
DA:91,0
DA:96,0
DA:102,1
DA:106,0
DA:107,0
DA:109,0
DA:111,0
DA:112,0
DA:115,0
DA:116,0
DA:120,0
DA:125,0
DA:127,0
DA:132,0
DA:138,1
DA:142,0
DA:144,0
DA:145,0
DA:146,0
DA:149,0
DA:154,0
DA:157,0
DA:159,0
DA:163,0
DA:164,0
DA:171,0
DA:176,0
DA:505,1
LF:63
LH:14
BRDA:19,0,0,0
BRDA:19,0,1,0
BRDA:19,1,0,0
BRDA:19,1,1,0
BRDA:28,2,0,0
BRDA:28,2,1,0
BRDA:75,3,0,0
BRDA:75,3,1,0
BRDA:80,4,0,0
BRDA:80,4,1,0
BRDA:85,5,0,0
BRDA:85,5,1,0
BRDA:86,6,0,0
BRDA:86,6,1,0
BRDA:87,7,0,0
BRDA:87,7,1,0
BRDA:111,8,0,0
BRDA:111,8,1,0
BRDA:115,9,0,0
BRDA:115,9,1,0
BRDA:163,10,0,0
BRDA:163,10,1,0
BRF:22
BRH:0
end_of_record
TN:
SF:backend\controller\cart.js
FN:13,(anonymous_0)
FN:45,(anonymous_1)
FN:67,(anonymous_2)
FN:95,(anonymous_3)
FN:107,(anonymous_4)
FN:130,(anonymous_5)
FN:158,(anonymous_6)
FN:191,(anonymous_7)
FNF:8
FNH:0
FNDA:0,(anonymous_0)
FNDA:0,(anonymous_1)
FNDA:0,(anonymous_2)
FNDA:0,(anonymous_3)
FNDA:0,(anonymous_4)
FNDA:0,(anonymous_5)
FNDA:0,(anonymous_6)
FNDA:0,(anonymous_7)
DA:1,0
DA:2,0
DA:3,0
DA:4,0
DA:5,0
DA:6,0
DA:7,0
DA:10,0
DA:14,0
DA:15,0
DA:17,0
DA:21,0
DA:23,0
DA:24,0
DA:30,0
DA:35,0
DA:36,0
DA:42,0
DA:46,0
DA:47,0
DA:48,0
DA:50,0
DA:52,0
DA:53,0
DA:56,0
DA:57,0
DA:58,0
DA:62,0
DA:63,0
DA:66,0
DA:67,0
DA:70,0
DA:71,0
DA:72,0
DA:74,0
DA:77,0
DA:81,0
DA:86,0
DA:92,0
DA:96,0
DA:97,0
DA:98,0
DA:100,0
DA:102,0
DA:103,0
DA:106,0
DA:107,0
DA:110,0
DA:112,0
DA:116,0
DA:121,0
DA:127,0
DA:131,0
DA:132,0
DA:133,0
DA:136,0
DA:137,0
DA:138,0
DA:142,0
DA:143,0
DA:147,0
DA:149,0
DA:150,0
DA:157,0
DA:158,0
DA:161,0
DA:162,0
DA:164,0
DA:171,0
DA:173,0
DA:177,0
DA:182,0
DA:188,0
DA:192,0
DA:193,0
DA:195,0
DA:197,0
DA:198,0
DA:201,0
DA:202,0
DA:204,0
DA:210,0
DA:215,0
LF:83
LH:0
BRDA:23,0,0,0
BRDA:23,0,1,0
BRDA:52,1,0,0
BRDA:52,1,1,0
BRDA:57,2,0,0
BRDA:57,2,1,0
BRDA:62,3,0,0
BRDA:62,3,1,0
BRDA:70,4,0,0
BRDA:70,4,1,0
BRDA:102,5,0,0
BRDA:102,5,1,0
BRDA:132,6,0,0
BRDA:137,7,0,0
BRDA:137,7,1,0
BRDA:142,8,0,0
BRDA:142,8,1,0
BRDA:149,9,0,0
BRDA:149,9,1,0
BRDA:161,10,0,0
BRDA:161,10,1,0
BRDA:167,11,0,0
BRDA:167,11,1,0
BRDA:197,12,0,0
BRDA:197,12,1,0
BRF:25
BRH:0
end_of_record
TN:
SF:backend\controller\code.js
FN:12,(anonymous_0)
FN:60,(anonymous_1)
FN:80,(anonymous_2)
FN:106,(anonymous_3)
FNF:4
FNH:0
FNDA:0,(anonymous_0)
FNDA:0,(anonymous_1)
FNDA:0,(anonymous_2)
FNDA:0,(anonymous_3)
DA:1,0
DA:2,0
DA:3,0
DA:4,0
DA:5,0
DA:6,0
DA:9,0
DA:13,0
DA:14,0
DA:19,0
DA:20,0
DA:23,0
DA:24,0
DA:26,0
DA:27,0
DA:30,0
DA:31,0
DA:36,0
DA:45,0
DA:47,0
DA:52,0
DA:58,0
DA:61,0
DA:62,0
DA:66,0
DA:71,0
DA:77,0
DA:81,0
DA:82,0
DA:87,0
DA:88,0
DA:91,0
DA:93,0
DA:98,0
DA:104,0
DA:107,0
DA:108,0
DA:110,0
DA:115,0
DA:119,0
LF:40
LH:0
BRDA:19,0,0,0
BRDA:19,0,1,0
BRDA:23,1,0,0
BRDA:23,1,1,0
BRDA:24,2,0,0
BRDA:24,2,1,0
BRDA:26,3,0,0
BRDA:26,3,1,0
BRDA:30,4,0,0
BRDA:30,4,1,0
BRDA:42,5,0,0
BRDA:42,5,1,0
BRDA:87,6,0,0
BRDA:87,6,1,0
BRF:14
BRH:0
end_of_record
TN:
SF:backend\controller\contact.js
FN:11,(anonymous_0)
FN:36,(anonymous_1)
FN:55,(anonymous_2)
FN:136,(anonymous_3)
FN:237,(anonymous_4)
FN:260,(anonymous_5)
FN:283,(anonymous_6)
FN:363,(anonymous_7)
FNF:8
FNH:0
FNDA:0,(anonymous_0)
FNDA:0,(anonymous_1)
FNDA:0,(anonymous_2)
FNDA:0,(anonymous_3)
FNDA:0,(anonymous_4)
FNDA:0,(anonymous_5)
FNDA:0,(anonymous_6)
FNDA:0,(anonymous_7)
DA:1,0
DA:2,0
DA:3,0
DA:4,0
DA:5,0
DA:6,0
DA:7,0
DA:8,0
DA:9,0
DA:11,0
DA:12,0
DA:14,0
DA:15,0
DA:16,0
DA:19,0
DA:26,0
DA:28,0
DA:29,0
DA:34,0
DA:37,0
DA:39,0
DA:41,0
DA:46,0
DA:52,0
DA:56,0
DA:57,0
DA:59,0
DA:60,0
DA:65,0
DA:67,0
DA:68,0
DA:71,0
DA:72,0
DA:73,0
DA:80,0
DA:94,0
DA:101,0
DA:117,0
DA:123,0
DA:128,0
DA:134,0
DA:137,0
DA:138,0
DA:140,0
DA:141,0
DA:149,0
DA:151,0
DA:152,0
DA:153,0
DA:161,0
DA:162,0
DA:163,0
DA:166,0
DA:168,0
DA:169,0
DA:172,0
DA:173,0
DA:174,0
DA:181,0
DA:195,0
DA:202,0
DA:218,0
DA:224,0
DA:229,0
DA:235,0
DA:238,0
DA:239,0
DA:243,0
DA:244,0
DA:247,0
DA:252,0
DA:258,0
DA:261,0
DA:263,0
DA:265,0
DA:266,0
DA:269,0
DA:274,0
DA:280,0
DA:284,0
DA:285,0
DA:287,0
DA:288,0
DA:293,0
DA:295,0
DA:296,0
DA:299,0
DA:300,0
DA:301,0
DA:304,0
DA:318,0
DA:325,0
DA:343,0
DA:349,0
DA:355,0
DA:361,0
DA:364,0
DA:365,0
DA:367,0
DA:368,0
DA:376,0
DA:378,0
DA:379,0
DA:380,0
DA:388,0
DA:389,0
DA:390,0
DA:393,0
DA:395,0
DA:396,0
DA:399,0
DA:400,0
DA:401,0
DA:404,0
DA:418,0
DA:425,0
DA:441,0
DA:447,0
DA:453,0
DA:458,0
LF:120
LH:0
BRDA:12,0,0,0
BRDA:12,0,1,0
BRDA:59,1,0,0
BRDA:59,1,1,0
BRDA:59,2,0,0
BRDA:59,2,1,0
BRDA:59,2,2,0
BRDA:67,3,0,0
BRDA:67,3,1,0
BRDA:72,4,0,0
BRDA:72,4,1,0
BRDA:140,5,0,0
BRDA:140,5,1,0
BRDA:140,6,0,0
BRDA:140,6,1,0
BRDA:140,6,2,0
BRDA:140,6,3,0
BRDA:140,6,4,0
BRDA:152,7,0,0
BRDA:152,7,1,0
BRDA:162,8,0,0
BRDA:162,8,1,0
BRDA:168,9,0,0
BRDA:168,9,1,0
BRDA:173,10,0,0
BRDA:173,10,1,0
BRDA:243,11,0,0
BRDA:243,11,1,0
BRDA:265,12,0,0
BRDA:265,12,1,0
BRDA:287,13,0,0
BRDA:287,13,1,0
BRDA:287,14,0,0
BRDA:287,14,1,0
BRDA:295,15,0,0
BRDA:295,15,1,0
BRDA:300,16,0,0
BRDA:300,16,1,0
BRDA:334,17,0,0
BRDA:334,17,1,0
BRDA:367,18,0,0
BRDA:367,18,1,0
BRDA:367,19,0,0
BRDA:367,19,1,0
BRDA:367,19,2,0
BRDA:367,19,3,0
BRDA:379,20,0,0
BRDA:379,20,1,0
BRDA:389,21,0,0
BRDA:389,21,1,0
BRDA:395,22,0,0
BRDA:395,22,1,0
BRDA:400,23,0,0
BRDA:400,23,1,0
BRDA:432,24,0,0
BRDA:432,24,1,0
BRF:56
BRH:0
end_of_record
TN:
SF:backend\controller\offer.js
FN:16,(anonymous_0)
FN:56,(anonymous_1)
FN:120,(anonymous_2)
FN:138,(anonymous_3)
FN:151,(anonymous_4)
FN:183,(anonymous_5)
FNF:6
FNH:0
FNDA:0,(anonymous_0)
FNDA:0,(anonymous_1)
FNDA:0,(anonymous_2)
FNDA:0,(anonymous_3)
FNDA:0,(anonymous_4)
FNDA:0,(anonymous_5)
DA:1,0
DA:2,0
DA:3,0
DA:4,0
DA:5,0
DA:6,0
DA:7,0
DA:8,0
DA:9,0
DA:10,0
DA:13,0
DA:17,0
DA:18,0
DA:19,0
DA:21,0
DA:22,0
DA:26,0
DA:27,0
DA:28,0
DA:32,0
DA:33,0
DA:34,0
DA:35,0
DA:36,0
DA:40,0
DA:41,0
DA:47,0
DA:48,0
DA:52,0
DA:54,0
DA:56,0
DA:60,0
DA:62,0
DA:64,0
DA:70,0
DA:71,0
DA:76,0
DA:77,0
DA:79,0
DA:80,0
DA:84,0
DA:102,0
DA:104,0
DA:109,0
DA:110,0
DA:118,0
DA:121,0
DA:122,0
DA:124,0
DA:129,0
DA:135,0
DA:139,0
DA:140,0
DA:142,0
DA:144,0
DA:145,0
DA:149,0
DA:151,0
DA:152,0
DA:153,0
DA:155,0
DA:156,0
DA:157,0
DA:158,0
DA:160,0
DA:163,0
DA:168,0
DA:170,0
DA:175,0
DA:181,0
DA:184,0
DA:185,0
DA:186,0
DA:191,0
DA:196,0
LF:75
LH:0
BRDA:21,0,0,0
BRDA:21,0,1,0
BRDA:27,1,0,0
BRDA:27,1,1,0
BRDA:33,2,0,0
BRDA:33,2,1,0
BRDA:35,3,0,0
BRDA:35,3,1,0
BRDA:40,4,0,0
BRDA:40,4,1,0
BRDA:47,5,0,0
BRDA:47,5,1,0
BRDA:47,6,0,0
BRDA:47,6,1,0
BRDA:47,6,2,0
BRDA:54,7,0,0
BRDA:54,7,1,0
BRDA:54,8,0,0
BRDA:54,8,1,0
BRDA:60,9,0,0
BRDA:60,9,1,0
BRDA:70,10,0,0
BRDA:70,10,1,0
BRDA:70,11,0,0
BRDA:70,11,1,0
BRDA:79,12,0,0
BRDA:79,12,1,0
BRDA:90,13,0,0
BRDA:90,13,1,0
BRDA:91,14,0,0
BRDA:91,14,1,0
BRDA:99,15,0,0
BRDA:99,15,1,0
BRDA:111,16,0,0
BRDA:111,16,1,0
BRDA:144,17,0,0
BRDA:144,17,1,0
BRDA:149,18,0,0
BRDA:149,18,1,0
BRDA:156,19,0,0
BRDA:156,19,1,0
BRF:41
BRH:0
end_of_record
TN:
SF:backend\controller\order.js
FN:12,(anonymous_0)
FN:55,(anonymous_1)
FN:67,(anonymous_2)
FN:113,(anonymous_3)
FN:196,(anonymous_4)
FN:215,(anonymous_5)
FN:249,(anonymous_6)
FNF:7
FNH:0
FNDA:0,(anonymous_0)
FNDA:0,(anonymous_1)
FNDA:0,(anonymous_2)
FNDA:0,(anonymous_3)
FNDA:0,(anonymous_4)
FNDA:0,(anonymous_5)
FNDA:0,(anonymous_6)
DA:1,0
DA:2,0
DA:3,0
DA:4,0
DA:5,0
DA:6,0
DA:7,0
DA:10,0
DA:13,0
DA:14,0
DA:16,0
DA:18,0
DA:21,0
DA:23,0
DA:24,0
DA:25,0
DA:26,0
DA:27,0
DA:28,0
DA:29,0
DA:30,0
DA:31,0
DA:32,0
DA:34,0
DA:35,0
DA:38,0
DA:44,0
DA:45,0
DA:48,0
DA:51,0
DA:54,0
DA:55,0
DA:60,0
DA:61,0
DA:66,0
DA:67,0
DA:72,0
DA:76,0
DA:82,0
DA:85,0
DA:94,0
DA:95,0
DA:98,0
DA:99,0
DA:100,0
DA:101,0
DA:102,0
DA:103,0
DA:104,0
DA:110,0
DA:111,0
DA:112,0
DA:114,0
DA:115,0
DA:116,0
DA:117,0
DA:121,0
DA:128,0
DA:129,0
DA:131,0
DA:171,0
DA:172,0
DA:177,0
DA:179,0
DA:183,0
DA:188,0
DA:194,0
DA:197,0
DA:198,0
DA:202,0
DA:207,0
DA:213,0
DA:216,0
DA:217,0
DA:218,0
DA:220,0
DA:222,0
DA:223,0
DA:233,0
DA:235,0
DA:240,0
DA:241,0
DA:247,0
DA:250,0
DA:251,0
DA:253,0
DA:254,0
DA:258,0
DA:261,0
DA:262,0
DA:264,0
DA:265,0
DA:269,0
DA:271,0
DA:276,0
DA:281,0
LF:96
LH:0
BRDA:23,0,0,0
BRDA:23,0,1,0
BRDA:23,1,0,0
BRDA:23,1,1,0
BRDA:23,1,2,0
BRDA:25,2,0,0
BRDA:25,2,1,0
BRDA:27,3,0,0
BRDA:27,3,1,0
BRDA:27,4,0,0
BRDA:27,4,1,0
BRDA:29,5,0,0
BRDA:29,5,1,0
BRDA:29,6,0,0
BRDA:29,6,1,0
BRDA:29,6,2,0
BRDA:31,7,0,0
BRDA:31,7,1,0
BRDA:31,8,0,0
BRDA:31,8,1,0
BRDA:40,9,0,0
BRDA:40,9,1,0
BRDA:44,10,0,0
BRDA:44,10,1,0
BRDA:55,11,0,0
BRDA:55,11,1,0
BRDA:67,12,0,0
BRDA:67,12,1,0
BRDA:77,13,0,0
BRDA:77,13,1,0
BRDA:99,14,0,0
BRDA:99,14,1,0
BRDA:99,15,0,0
BRDA:99,15,1,0
BRDA:101,16,0,0
BRDA:101,16,1,0
BRDA:110,17,0,0
BRDA:110,17,1,0
BRDA:110,18,0,0
BRDA:110,18,1,0
BRDA:114,19,0,0
BRDA:114,19,1,0
BRDA:114,19,2,0
BRDA:115,20,0,0
BRDA:115,20,1,0
BRDA:116,21,0,0
BRDA:116,21,1,0
BRDA:122,22,0,0
BRDA:122,22,1,0
BRDA:123,23,0,0
BRDA:123,23,1,0
BRDA:124,24,0,0
BRDA:124,24,1,0
BRDA:124,25,0,0
BRDA:124,25,1,0
BRDA:125,26,0,0
BRDA:125,26,1,0
BRDA:128,27,0,0
BRDA:128,27,1,0
BRDA:139,28,0,0
BRDA:139,28,1,0
BRDA:156,29,0,0
BRDA:156,29,1,0
BRDA:222,30,0,0
BRDA:222,30,1,0
BRDA:253,31,0,0
BRDA:253,31,1,0
BRDA:261,32,0,0
BRDA:261,32,1,0
BRDA:264,33,0,0
BRDA:264,33,1,0
BRF:71
BRH:0
end_of_record
TN:
SF:backend\controller\payment.js
FN:8,(anonymous_0)
FN:27,(anonymous_1)
FNF:2
FNH:0
FNDA:0,(anonymous_0)
FNDA:0,(anonymous_1)
DA:1,0
DA:2,0
DA:3,0
DA:4,0
DA:6,0
DA:9,0
DA:11,0
DA:18,0
DA:25,0
DA:28,0
DA:32,0
LF:11
LH:0
BRF:0
BRH:0
end_of_record
TN:
SF:backend\controller\product.js
FN:16,(anonymous_0)
FN:43,(anonymous_1)
FN:81,(anonymous_2)
FN:99,(anonymous_3)
FN:109,(anonymous_4)
FN:141,(anonymous_5)
FN:158,(anonymous_6)
FN:181,(anonymous_7)
FN:213,(anonymous_8)
FN:231,(anonymous_9)
FN:265,(anonymous_10)
FN:283,(anonymous_11)
FN:309,(anonymous_12)
FN:320,(anonymous_13)
FN:332,(anonymous_14)
FNF:15
FNH:0
FNDA:0,(anonymous_0)
FNDA:0,(anonymous_1)
FNDA:0,(anonymous_2)
FNDA:0,(anonymous_3)
FNDA:0,(anonymous_4)
FNDA:0,(anonymous_5)
FNDA:0,(anonymous_6)
FNDA:0,(anonymous_7)
FNDA:0,(anonymous_8)
FNDA:0,(anonymous_9)
FNDA:0,(anonymous_10)
FNDA:0,(anonymous_11)
FNDA:0,(anonymous_12)
FNDA:0,(anonymous_13)
FNDA:0,(anonymous_14)
DA:1,0
DA:2,0
DA:3,0
DA:4,0
DA:5,0
DA:6,0
DA:7,0
DA:8,0
DA:9,0
DA:10,0
DA:13,0
DA:17,0
DA:18,0
DA:20,0
DA:21,0
DA:25,0
DA:26,0
DA:27,0
DA:31,0
DA:32,0
DA:36,0
DA:37,0
DA:43,0
DA:49,0
DA:63,0
DA:65,0
DA:70,0
DA:71,0
DA:79,0
DA:82,0
DA:83,0
DA:85,0
DA:90,0
DA:96,0
DA:100,0
DA:101,0
DA:102,0
DA:104,0
DA:105,0
DA:109,0
DA:111,0
DA:112,0
DA:114,0
DA:115,0
DA:116,0
DA:117,0
DA:119,0
DA:122,0
DA:126,0
DA:128,0
DA:133,0
DA:139,0
DA:142,0
DA:143,0
DA:145,0
DA:150,0
DA:156,0
DA:159,0
DA:160,0
DA:162,0
DA:166,0
DA:171,0
DA:177,0
DA:182,0
DA:183,0
DA:184,0
DA:186,0
DA:187,0
DA:191,0
DA:192,0
DA:198,0
DA:199,0
DA:203,0
DA:204,0
DA:205,0
DA:206,0
DA:207,0
DA:208,0
DA:209,0
DA:212,0
DA:213,0
DA:219,0
DA:220,0
DA:222,0
DA:223,0
DA:225,0
DA:229,0
DA:231,0
DA:232,0
DA:233,0
DA:235,0
DA:236,0
DA:237,0
DA:240,0
DA:244,0
DA:248,0
DA:250,0
DA:255,0
DA:263,0
DA:266,0
DA:267,0
DA:269,0
DA:274,0
DA:280,0
DA:284,0
DA:286,0
DA:288,0
DA:289,0
DA:293,0
DA:294,0
DA:295,0
DA:298,0
DA:308,0
DA:309,0
DA:312,0
DA:313,0
DA:315,0
DA:319,0
DA:320,0
DA:322,0
DA:325,0
DA:326,0
DA:327,0
DA:331,0
DA:332,0
DA:335,0
DA:336,0
DA:339,0
DA:343,0
DA:347,0
DA:348,0
DA:352,0
DA:358,0
DA:360,0
DA:372,0
DA:373,0
DA:380,0
LF:137
LH:0
BRDA:20,0,0,0
BRDA:20,0,1,0
BRDA:26,1,0,0
BRDA:26,1,1,0
BRDA:31,2,0,0
BRDA:31,2,1,0
BRDA:31,3,0,0
BRDA:31,3,1,0
BRDA:31,3,2,0
BRDA:36,4,0,0
BRDA:36,4,1,0
BRDA:36,5,0,0
BRDA:36,5,1,0
BRDA:53,6,0,0
BRDA:53,6,1,0
BRDA:72,7,0,0
BRDA:72,7,1,0
BRDA:104,8,0,0
BRDA:104,8,1,0
BRDA:115,9,0,0
BRDA:115,9,1,0
BRDA:186,10,0,0
BRDA:186,10,1,0
BRDA:191,11,0,0
BRDA:191,11,1,0
BRDA:191,12,0,0
BRDA:191,12,1,0
BRDA:198,13,0,0
BRDA:198,13,1,0
BRDA:198,14,0,0
BRDA:198,14,1,0
BRDA:198,14,2,0
BRDA:206,15,0,0
BRDA:206,15,1,0
BRDA:212,16,0,0
BRDA:212,16,1,0
BRDA:212,17,0,0
BRDA:212,17,1,0
BRDA:219,18,0,0
BRDA:219,18,1,0
BRDA:236,19,0,0
BRDA:236,19,1,0
BRDA:256,20,0,0
BRDA:256,20,1,0
BRDA:288,21,0,0
BRDA:288,21,1,0
BRDA:288,22,0,0
BRDA:288,22,1,0
BRDA:288,22,2,0
BRDA:294,23,0,0
BRDA:294,23,1,0
BRDA:309,24,0,0
BRDA:309,24,1,0
BRDA:312,25,0,0
BRDA:312,25,1,0
BRDA:326,26,0,0
BRDA:326,26,1,0
BRDA:335,27,0,0
BRDA:335,27,1,0
BRDA:343,28,0,0
BRDA:343,28,1,0
BRDA:343,28,2,0
BRDA:347,29,0,0
BRDA:347,29,1,0
BRDA:374,30,0,0
BRDA:374,30,1,0
BRF:66
BRH:0
end_of_record
TN:
SF:backend\controller\shop.js
FN:17,(anonymous_0)
FN:25,(anonymous_1)
FN:79,(anonymous_2)
FN:88,(anonymous_3)
FN:130,(anonymous_4)
FN:161,(anonymous_5)
FN:184,(anonymous_6)
FN:204,(anonymous_7)
FN:210,(anonymous_8)
FN:226,(anonymous_9)
FN:242,(anonymous_10)
FN:282,(anonymous_11)
FN:347,(anonymous_12)
FN:379,(anonymous_13)
FN:451,(anonymous_14)
FNF:15
FNH:0
FNDA:0,(anonymous_0)
FNDA:0,(anonymous_1)
FNDA:0,(anonymous_2)
FNDA:0,(anonymous_3)
FNDA:0,(anonymous_4)
FNDA:0,(anonymous_5)
FNDA:0,(anonymous_6)
FNDA:0,(anonymous_7)
FNDA:0,(anonymous_8)
FNDA:0,(anonymous_9)
FNDA:0,(anonymous_10)
FNDA:0,(anonymous_11)
FNDA:0,(anonymous_12)
FNDA:0,(anonymous_13)
FNDA:0,(anonymous_14)
DA:1,0
DA:2,0
DA:3,0
DA:4,0
DA:5,0
DA:6,0
DA:7,0
DA:9,0
DA:10,0
DA:11,0
DA:12,0
DA:13,0
DA:14,0
DA:15,0
DA:17,0
DA:18,0
DA:19,0
DA:20,0
DA:22,0
DA:23,0
DA:24,0
DA:25,0
DA:26,0
DA:27,0
DA:28,0
DA:32,0
DA:35,0
DA:36,0
DA:38,0
DA:51,0
DA:55,0
DA:59,0
DA:60,0
DA:66,0
DA:71,0
DA:74,0
DA:79,0
DA:80,0
DA:86,0
DA:89,0
DA:90,0
DA:92,0
DA:97,0
DA:98,0
DA:102,0
DA:104,0
DA:106,0
DA:107,0
DA:110,0
DA:120,0
DA:122,0
DA:128,0
DA:131,0
DA:132,0
DA:134,0
DA:135,0
DA:138,0
DA:140,0
DA:141,0
DA:144,0
DA:146,0
DA:147,0
DA:150,0
DA:152,0
DA:158,0
DA:162,0
DA:164,0
DA:166,0
DA:167,0
DA:170,0
DA:175,0
DA:181,0
DA:185,0
DA:186,0
DA:191,0
DA:196,0
DA:202,0
DA:205,0
DA:206,0
DA:209,0
DA:211,0
DA:215,0
DA:225,0
DA:226,0
DA:229,0
DA:234,0
DA:240,0
DA:243,0
DA:244,0
DA:246,0
DA:247,0
DA:250,0
DA:255,0
DA:267,0
DA:272,0
DA:278,0
DA:283,0
DA:284,0
DA:285,0
DA:288,0
DA:290,0
DA:291,0
DA:294,0
DA:295,0
DA:298,0
DA:299,0
DA:300,0
DA:301,0
DA:304,0
DA:305,0
DA:306,0
DA:308,0
DA:311,0
DA:315,0
DA:316,0
DA:318,0
DA:329,0
DA:331,0
DA:337,0
DA:338,0
DA:344,0
DA:348,0
DA:349,0
DA:351,0
DA:353,0
DA:354,0
DA:357,0
DA:358,0
DA:359,0
DA:360,0
DA:361,0
DA:363,0
DA:365,0
DA:371,0
DA:377,0
DA:380,0
DA:381,0
DA:383,0
DA:384,0
DA:387,0
DA:389,0
DA:390,0
DA:393,0
DA:396,0
DA:402,0
DA:404,0
DA:408,0
DA:412,0
DA:424,0
DA:425,0
DA:431,0
DA:436,0
DA:437,0
DA:438,0
DA:440,0
DA:443,0
DA:449,0
DA:452,0
DA:453,0
DA:459,0
DA:464,0
DA:465,0
DA:471,0
DA:473,0
DA:474,0
DA:477,0
DA:478,0
DA:482,0
DA:483,0
DA:484,0
DA:486,0
DA:488,0
DA:493,0
DA:498,0
LF:174
LH:0
BRDA:22,0,0,0
BRDA:22,0,1,0
BRDA:26,1,0,0
BRDA:26,1,1,0
BRDA:55,2,0,0
BRDA:55,2,1,0
BRDA:97,3,0,0
BRDA:97,3,1,0
BRDA:106,4,0,0
BRDA:106,4,1,0
BRDA:134,5,0,0
BRDA:134,5,1,0
BRDA:134,6,0,0
BRDA:134,6,1,0
BRDA:140,7,0,0
BRDA:140,7,1,0
BRDA:146,8,0,0
BRDA:146,8,1,0
BRDA:166,9,0,0
BRDA:166,9,1,0
BRDA:246,10,0,0
BRDA:246,10,1,0
BRDA:284,11,0,0
BRDA:284,11,1,0
BRDA:290,12,0,0
BRDA:290,12,1,0
BRDA:298,13,0,0
BRDA:298,13,1,0
BRDA:298,14,0,0
BRDA:298,14,1,0
BRDA:304,15,0,0
BRDA:304,15,1,0
BRDA:353,16,0,0
BRDA:353,16,1,0
BRDA:383,17,0,0
BRDA:383,17,1,0
BRDA:389,18,0,0
BRDA:389,18,1,0
BRDA:408,19,0,0
BRDA:408,19,1,0
BRDA:464,20,0,0
BRDA:464,20,1,0
BRDA:473,21,0,0
BRDA:473,21,1,0
BRDA:473,22,0,0
BRDA:473,22,1,0
BRDA:477,23,0,0
BRDA:477,23,1,0
BRF:48
BRH:0
end_of_record
TN:
SF:backend\controller\user.js
FN:16,(anonymous_0)
FN:25,(anonymous_1)
FN:78,(anonymous_2)
FN:87,(anonymous_3)
FN:125,(anonymous_4)
FN:156,(anonymous_5)
FN:178,(anonymous_6)
FN:201,(anonymous_7)
FN:245,(anonymous_8)
FN:309,(anonymous_9)
FN:314,(anonymous_10)
FN:324,(anonymous_11)
FN:349,(anonymous_12)
FN:376,(anonymous_13)
FN:408,(anonymous_14)
FN:479,(anonymous_15)
FNF:16
FNH:0
FNDA:0,(anonymous_0)
FNDA:0,(anonymous_1)
FNDA:0,(anonymous_2)
FNDA:0,(anonymous_3)
FNDA:0,(anonymous_4)
FNDA:0,(anonymous_5)
FNDA:0,(anonymous_6)
FNDA:0,(anonymous_7)
FNDA:0,(anonymous_8)
FNDA:0,(anonymous_9)
FNDA:0,(anonymous_10)
FNDA:0,(anonymous_11)
FNDA:0,(anonymous_12)
FNDA:0,(anonymous_13)
FNDA:0,(anonymous_14)
FNDA:0,(anonymous_15)
DA:1,1
DA:2,1
DA:3,1
DA:4,1
DA:5,1
DA:6,1
DA:7,1
DA:8,1
DA:9,1
DA:10,1
DA:11,1
DA:12,1
DA:13,1
DA:16,1
DA:17,0
DA:18,0
DA:20,0
DA:22,0
DA:23,0
DA:24,0
DA:25,0
DA:26,0
DA:27,0
DA:28,0
DA:32,0
DA:35,0
DA:36,0
DA:38,0
DA:50,0
DA:54,0
DA:58,0
DA:59,0
DA:65,0
DA:70,0
DA:73,0
DA:78,1
DA:79,0
DA:85,1
DA:88,0
DA:89,0
DA:91,0
DA:96,0
DA:97,0
DA:100,0
DA:102,0
DA:104,0
DA:105,0
DA:108,0
DA:115,0
DA:117,0
DA:123,1
DA:126,0
DA:127,0
DA:129,0
DA:130,0
DA:133,0
DA:135,0
DA:136,0
DA:139,0
DA:141,0
DA:142,0
DA:145,0
DA:147,0
DA:153,1
DA:157,0
DA:158,0
DA:160,0
DA:161,0
DA:164,0
DA:169,0
DA:175,1
DA:179,0
DA:180,0
DA:187,0
DA:192,0
DA:198,1
DA:202,0
DA:203,0
DA:205,0
DA:206,0
DA:209,0
DA:211,0
DA:212,0
DA:215,0
DA:217,0
DA:218,0
DA:221,0
DA:222,0
DA:223,0
DA:224,0
DA:227,0
DA:229,0
DA:234,0
DA:235,0
DA:241,1
DA:246,0
DA:247,0
DA:248,0
DA:251,0
DA:253,0
DA:254,0
DA:257,0
DA:258,0
DA:261,0
DA:262,0
DA:263,0
DA:264,0
DA:266,0
DA:267,0
DA:268,0
DA:270,0
DA:273,0
DA:277,0
DA:278,0
DA:280,0
DA:291,0
DA:293,0
DA:299,0
DA:300,0
DA:306,1
DA:310,0
DA:311,0
DA:313,0
DA:314,0
DA:317,0
DA:318,0
DA:323,0
DA:324,0
DA:327,0
DA:328,0
DA:330,0
DA:333,0
DA:335,0
DA:340,0
DA:346,1
DA:350,0
DA:351,0
DA:352,0
DA:354,0
DA:359,0
DA:361,0
DA:366,0
DA:367,0
DA:373,1
DA:377,0
DA:378,0
DA:380,0
DA:384,0
DA:385,0
DA:388,0
DA:389,0
DA:392,0
DA:393,0
DA:395,0
DA:400,0
DA:406,1
DA:409,0
DA:410,0
DA:412,0
DA:413,0
DA:416,0
DA:418,0
DA:419,0
DA:422,0
DA:424,0
DA:430,0
DA:432,0
DA:436,0
DA:440,0
DA:452,0
DA:453,0
DA:459,0
DA:464,0
DA:465,0
DA:466,0
DA:468,0
DA:471,0
DA:477,1
DA:480,0
DA:481,0
DA:486,0
DA:491,0
DA:492,0
DA:497,0
DA:499,0
DA:500,0
DA:503,0
DA:504,0
DA:507,0
DA:508,0
DA:509,0
DA:511,0
DA:513,0
DA:518,0
DA:523,1
LF:195
LH:27
BRDA:22,0,0,0
BRDA:22,0,1,0
BRDA:26,1,0,0
BRDA:26,1,1,0
BRDA:54,2,0,0
BRDA:54,2,1,0
BRDA:96,3,0,0
BRDA:96,3,1,0
BRDA:104,4,0,0
BRDA:104,4,1,0
BRDA:129,5,0,0
BRDA:129,5,1,0
BRDA:129,6,0,0
BRDA:129,6,1,0
BRDA:135,7,0,0
BRDA:135,7,1,0
BRDA:141,8,0,0
BRDA:141,8,1,0
BRDA:160,9,0,0
BRDA:160,9,1,0
BRDA:205,10,0,0
BRDA:205,10,1,0
BRDA:205,11,0,0
BRDA:205,11,1,0
BRDA:211,12,0,0
BRDA:211,12,1,0
BRDA:217,13,0,0
BRDA:217,13,1,0
BRDA:223,14,0,0
BRDA:223,14,1,0
BRDA:247,15,0,0
BRDA:247,15,1,0
BRDA:253,16,0,0
BRDA:253,16,1,0
BRDA:261,17,0,0
BRDA:261,17,1,0
BRDA:261,18,0,0
BRDA:261,18,1,0
BRDA:266,19,0,0
BRDA:266,19,1,0
BRDA:317,20,0,0
BRDA:317,20,1,0
BRDA:327,21,0,0
BRDA:327,21,1,0
BRDA:384,22,0,0
BRDA:384,22,1,0
BRDA:388,23,0,0
BRDA:388,23,1,0
BRDA:412,24,0,0
BRDA:412,24,1,0
BRDA:418,25,0,0
BRDA:418,25,1,0
BRDA:436,26,0,0
BRDA:436,26,1,0
BRDA:491,27,0,0
BRDA:491,27,1,0
BRDA:499,28,0,0
BRDA:499,28,1,0
BRDA:499,29,0,0
BRDA:499,29,1,0
BRDA:503,30,0,0
BRDA:503,30,1,0
BRF:62
BRH:0
end_of_record
TN:
SF:backend\controller\wishlist.js
FN:12,(anonymous_0)
FN:39,(anonymous_1)
FN:59,(anonymous_2)
FN:85,(anonymous_3)
FN:97,(anonymous_4)
FNF:5
FNH:0
FNDA:0,(anonymous_0)
FNDA:0,(anonymous_1)
FNDA:0,(anonymous_2)
FNDA:0,(anonymous_3)
FNDA:0,(anonymous_4)
DA:1,0
DA:2,0
DA:3,0
DA:4,0
DA:5,0
DA:6,0
DA:7,0
DA:9,0
DA:13,0
DA:14,0
DA:18,0
DA:19,0
DA:25,0
DA:30,0
DA:36,0
DA:40,0
DA:41,0
DA:42,0
DA:44,0
DA:45,0
DA:46,0
DA:49,0
DA:51,0
DA:52,0
DA:58,0
DA:59,0
DA:62,0
DA:63,0
DA:64,0
DA:67,0
DA:71,0
DA:76,0
DA:82,0
DA:86,0
DA:87,0
DA:88,0
DA:90,0
DA:92,0
DA:93,0
DA:96,0
DA:97,0
DA:100,0
DA:102,0
DA:106,0
DA:111,0
DA:116,0
LF:46
LH:0
BRDA:18,0,0,0
BRDA:18,0,1,0
BRDA:45,1,0,0
BRDA:45,1,1,0
BRDA:51,2,0,0
BRDA:51,2,1,0
BRDA:62,3,0,0
BRDA:62,3,1,0
BRDA:92,4,0,0
BRDA:92,4,1,0
BRF:10
BRH:0
end_of_record
TN:
SF:backend\db\Database.js
FN:3,(anonymous_0)
FN:9,(anonymous_1)
FNF:2
FNH:0
FNDA:0,(anonymous_0)
FNDA:0,(anonymous_1)
DA:1,0
DA:3,0
DA:4,0
DA:10,0
DA:14,0
LF:5
LH:0
BRF:0
BRH:0
end_of_record
TN:
SF:backend\middleware\auth.js
FN:10,(anonymous_0)
FN:24,(anonymous_1)
FN:38,(anonymous_2)
FNF:3
FNH:0
FNDA:0,(anonymous_0)
FNDA:0,(anonymous_1)
FNDA:0,(anonymous_2)
DA:1,1
DA:3,1
DA:5,1
DA:6,1
DA:7,1
DA:8,1
DA:10,1
DA:11,0
DA:13,0
DA:14,0
DA:17,0
DA:19,0
DA:21,0
DA:24,1
DA:25,0
DA:27,0
DA:28,0
DA:31,0
DA:33,0
DA:35,0
DA:38,1
DA:39,0
DA:41,0
DA:42,0
DA:45,0
DA:47,0
DA:49,0
DA:50,0
DA:53,0
LF:29
LH:9
BRDA:13,0,0,0
BRDA:13,0,1,0
BRDA:27,1,0,0
BRDA:27,1,1,0
BRDA:41,2,0,0
BRDA:41,2,1,0
BRDA:49,3,0,0
BRDA:49,3,1,0
BRDA:49,4,0,0
BRDA:49,4,1,0
BRF:10
BRH:0
end_of_record
TN:
SF:backend\middleware\catchAsyncErrors.js
FN:1,(anonymous_0)
FN:1,(anonymous_1)
FNF:2
FNH:1
FNDA:19,(anonymous_0)
FNDA:0,(anonymous_1)
DA:1,19
DA:2,0
LF:2
LH:1
BRF:0
BRH:0
end_of_record
TN:
SF:backend\middleware\error.js
FN:3,(anonymous_0)
FNF:1
FNH:0
FNDA:0,(anonymous_0)
DA:1,1
DA:3,1
DA:4,0
DA:5,0
DA:8,0
DA:9,0
DA:10,0
DA:14,0
DA:15,0
DA:16,0
DA:20,0
DA:21,0
DA:22,0
DA:26,0
DA:27,0
DA:28,0
DA:31,0
LF:17
LH:2
BRDA:4,0,0,0
BRDA:4,0,1,0
BRDA:5,1,0,0
BRDA:5,1,1,0
BRDA:8,2,0,0
BRDA:8,2,1,0
BRDA:14,3,0,0
BRDA:14,3,1,0
BRDA:20,4,0,0
BRDA:20,4,1,0
BRDA:26,5,0,0
BRDA:26,5,1,0
BRF:12
BRH:0
end_of_record
TN:
SF:backend\model\admin.js
FN:36,(anonymous_0)
FN:44,(anonymous_1)
FN:51,(anonymous_2)
FNF:3
FNH:0
FNDA:0,(anonymous_0)
FNDA:0,(anonymous_1)
FNDA:0,(anonymous_2)
DA:1,1
DA:2,1
DA:3,1
DA:5,1
DA:36,1
DA:37,0
DA:38,0
DA:40,0
DA:44,1
DA:45,0
DA:51,1
DA:52,0
DA:55,1
LF:13
LH:8
BRDA:37,0,0,0
BRDA:37,0,1,0
BRF:2
BRH:0
end_of_record
TN:
SF:backend\model\calendarEvent.js
FNF:0
FNH:0
DA:1,1
DA:3,1
DA:38,1
LF:3
LH:3
BRF:0
BRH:0
end_of_record
TN:
SF:backend\model\cart.js
FN:33,(anonymous_0)
FN:35,(anonymous_1)
FNF:2
FNH:0
FNDA:0,(anonymous_0)
FNDA:0,(anonymous_1)
DA:1,0
DA:3,0
DA:33,0
DA:34,0
DA:35,0
DA:40,0
LF:6
LH:0
BRF:0
BRH:0
end_of_record
TN:
SF:backend\model\code.js
FNF:0
FNH:0
DA:1,0
DA:3,0
DA:41,0
DA:43,0
LF:4
LH:0
BRF:0
BRH:0
end_of_record
TN:
SF:backend\model\offer.js
FNF:0
FNH:0
DA:1,0
DA:3,0
DA:77,0
LF:3
LH:0
BRF:0
BRH:0
end_of_record
TN:
SF:backend\model\order.js
FN:9,(anonymous_0)
FN:10,(anonymous_1)
FNF:2
FNH:0
FNDA:0,(anonymous_0)
FNDA:0,(anonymous_1)
DA:1,0
DA:3,0
DA:10,0
DA:11,0
DA:62,0
LF:5
LH:0
BRDA:12,0,0,0
BRDA:12,0,1,0
BRDA:12,0,2,0
BRDA:12,0,3,0
BRDA:12,0,4,0
BRF:5
BRH:0
end_of_record
TN:
SF:backend\model\product.js
FNF:0
FNH:0
DA:1,1
DA:3,1
DA:83,1
LF:3
LH:3
BRF:0
BRH:0
end_of_record
TN:
SF:backend\model\shop.js
FN:59,(anonymous_0)
FN:68,(anonymous_1)
FN:75,(anonymous_2)
FNF:3
FNH:1
FNDA:6,(anonymous_0)
FNDA:0,(anonymous_1)
FNDA:0,(anonymous_2)
DA:1,1
DA:2,1
DA:3,1
DA:5,1
DA:59,1
DA:60,6
DA:61,0
DA:64,6
DA:68,1
DA:69,0
DA:75,1
DA:76,0
DA:79,1
LF:13
LH:10
BRDA:60,0,0,0
BRDA:60,0,1,6
BRF:2
BRH:1
end_of_record
TN:
SF:backend\model\user.js
FN:74,(anonymous_0)
FN:83,(anonymous_1)
FN:90,(anonymous_2)
FNF:3
FNH:0
FNDA:0,(anonymous_0)
FNDA:0,(anonymous_1)
FNDA:0,(anonymous_2)
DA:1,1
DA:2,1
DA:3,1
DA:5,1
DA:74,1
DA:75,0
DA:76,0
DA:79,0
DA:83,1
DA:84,0
DA:90,1
DA:91,0
DA:94,1
LF:13
LH:8
BRDA:75,0,0,0
BRDA:75,0,1,0
BRF:2
BRH:0
end_of_record
TN:
SF:backend\model\wishlist.js
FNF:0
FNH:0
DA:1,0
DA:3,0
DA:23,0
LF:3
LH:0
BRF:0
BRH:0
end_of_record
TN:
SF:backend\utils\ErrorHandler.js
FN:2,(anonymous_0)
FNF:1
FNH:0
FNDA:0,(anonymous_0)
DA:3,0
DA:4,0
DA:6,0
DA:10,1
LF:4
LH:1
BRF:0
BRH:0
end_of_record
TN:
SF:backend\utils\adminToken.js
FN:1,(anonymous_0)
FNF:1
FNH:0
FNDA:0,(anonymous_0)
DA:1,0
DA:2,0
DA:5,0
DA:12,0
DA:19,0
LF:5
LH:0
BRF:0
BRH:0
end_of_record
TN:
SF:backend\utils\jwtToken.js
FN:5,(anonymous_0)
FNF:1
FNH:0
FNDA:0,(anonymous_0)
DA:3,1
DA:5,1
DA:6,0
DA:10,0
DA:17,0
DA:24,1
LF:6
LH:3
BRF:0
BRH:0
end_of_record
TN:
SF:backend\utils\mail.js
FN:3,(anonymous_0)
FNF:1
FNH:0
FNDA:0,(anonymous_0)
DA:1,1
DA:3,1
DA:4,0
DA:15,0
DA:22,0
DA:25,1
LF:6
LH:3
BRF:0
BRH:0
end_of_record
TN:
SF:backend\utils\shopToken.js
FN:5,(anonymous_0)
FNF:1
FNH:0
FNDA:0,(anonymous_0)
DA:3,0
DA:5,0
DA:6,0
DA:10,0
DA:17,0
DA:24,0
LF:6
LH:0
BRF:0
BRH:0
end_of_record
